<?xml version="1.0" ?>
<coverage version="7.4.0" timestamp="1704230398004" lines-valid="7705" lines-covered="5856" line-rate="0.76" branches-valid="2603" branches-covered="1536" branch-rate="0.5901" complexity="0">
	<!-- Generated by coverage.py: https://coverage.readthedocs.io/en/7.4.0 -->
	<!-- Based on https://raw.githubusercontent.com/cobertura/web/master/htdocs/xml/coverage-04.dtd -->
	<sources>
		<source>/home/runner/work/gef/gef</source>
	</sources>
	<packages>
		<package name="." line-rate="0.76" branch-rate="0.5901" complexity="0">
			<classes>
				<class name="gef.py" filename="gef.py" complexity="0" line-rate="0.76" branch-rate="0.5901">
					<methods/>
					<lines>
						<line number="52" hits="1"/>
						<line number="53" hits="1"/>
						<line number="54" hits="1"/>
						<line number="55" hits="1"/>
						<line number="56" hits="1"/>
						<line number="57" hits="1"/>
						<line number="58" hits="1"/>
						<line number="59" hits="1"/>
						<line number="60" hits="1"/>
						<line number="61" hits="1"/>
						<line number="62" hits="1"/>
						<line number="63" hits="1"/>
						<line number="64" hits="1"/>
						<line number="65" hits="1"/>
						<line number="66" hits="1"/>
						<line number="67" hits="1"/>
						<line number="68" hits="1"/>
						<line number="69" hits="1"/>
						<line number="70" hits="1"/>
						<line number="71" hits="1"/>
						<line number="72" hits="1"/>
						<line number="73" hits="1"/>
						<line number="74" hits="1"/>
						<line number="75" hits="1"/>
						<line number="76" hits="1"/>
						<line number="77" hits="1"/>
						<line number="78" hits="1"/>
						<line number="79" hits="1"/>
						<line number="80" hits="1"/>
						<line number="81" hits="1"/>
						<line number="82" hits="1"/>
						<line number="83" hits="1"/>
						<line number="84" hits="1"/>
						<line number="85" hits="1"/>
						<line number="86" hits="1"/>
						<line number="89" hits="1"/>
						<line number="91" hits="1"/>
						<line number="92" hits="1"/>
						<line number="94" hits="1"/>
						<line number="97" hits="1"/>
						<line number="98" hits="1"/>
						<line number="99" hits="1"/>
						<line number="100" hits="1"/>
						<line number="101" hits="1"/>
						<line number="104" hits="1"/>
						<line number="107" hits="0"/>
						<line number="108" hits="0"/>
						<line number="109" hits="0" branch="true" condition-coverage="0% (0/2)" missing-branches="110,112"/>
						<line number="110" hits="0"/>
						<line number="111" hits="0"/>
						<line number="112" hits="0" branch="true" condition-coverage="0% (0/2)" missing-branches="exit,113"/>
						<line number="113" hits="0"/>
						<line number="114" hits="0"/>
						<line number="115" hits="0"/>
						<line number="116" hits="0"/>
						<line number="120" hits="1"/>
						<line number="121" hits="1"/>
						<line number="122" hits="0"/>
						<line number="124" hits="0" branch="true" condition-coverage="0% (0/2)" missing-branches="125,126"/>
						<line number="125" hits="0"/>
						<line number="126" hits="0"/>
						<line number="127" hits="0"/>
						<line number="130" hits="1"/>
						<line number="131" hits="1"/>
						<line number="132" hits="1"/>
						<line number="133" hits="1"/>
						<line number="135" hits="1"/>
						<line number="136" hits="1"/>
						<line number="138" hits="1"/>
						<line number="141" hits="1"/>
						<line number="142" hits="1"/>
						<line number="144" hits="1"/>
						<line number="145" hits="1"/>
						<line number="147" hits="1"/>
						<line number="148" hits="1"/>
						<line number="149" hits="1"/>
						<line number="150" hits="1"/>
						<line number="151" hits="1"/>
						<line number="152" hits="1"/>
						<line number="153" hits="1"/>
						<line number="154" hits="1"/>
						<line number="155" hits="1"/>
						<line number="156" hits="1"/>
						<line number="157" hits="1"/>
						<line number="159" hits="1"/>
						<line number="161" hits="1"/>
						<line number="162" hits="1"/>
						<line number="163" hits="1"/>
						<line number="164" hits="1"/>
						<line number="165" hits="1"/>
						<line number="167" hits="1"/>
						<line number="170" hits="1"/>
						<line number="174" hits="1" branch="true" condition-coverage="100% (2/2)"/>
						<line number="175" hits="1"/>
						<line number="176" hits="1" branch="true" condition-coverage="100% (2/2)"/>
						<line number="177" hits="1"/>
						<line number="179" hits="1"/>
						<line number="180" hits="1"/>
						<line number="183" hits="1"/>
						<line number="186" hits="1"/>
						<line number="187" hits="1" branch="true" condition-coverage="50% (1/2)" missing-branches="188"/>
						<line number="188" hits="0"/>
						<line number="189" hits="0"/>
						<line number="190" hits="0"/>
						<line number="192" hits="1"/>
						<line number="193" hits="1"/>
						<line number="195" hits="1" branch="true" condition-coverage="50% (1/2)" missing-branches="196"/>
						<line number="196" hits="0"/>
						<line number="197" hits="1"/>
						<line number="200" hits="1"/>
						<line number="213" hits="1" branch="true" condition-coverage="100% (2/2)"/>
						<line number="214" hits="1"/>
						<line number="216" hits="1" branch="true" condition-coverage="50% (1/2)" missing-branches="217"/>
						<line number="217" hits="0" branch="true" condition-coverage="0% (0/2)" missing-branches="218,219"/>
						<line number="218" hits="0"/>
						<line number="219" hits="0"/>
						<line number="221" hits="1"/>
						<line number="223" hits="1" branch="true" condition-coverage="100% (2/2)"/>
						<line number="224" hits="1" branch="true" condition-coverage="50% (1/2)" missing-branches="229"/>
						<line number="225" hits="1"/>
						<line number="226" hits="1" branch="true" condition-coverage="100% (2/2)"/>
						<line number="227" hits="1"/>
						<line number="228" hits="1"/>
						<line number="229" hits="1"/>
						<line number="230" hits="1"/>
						<line number="232" hits="1"/>
						<line number="235" hits="1"/>
						<line number="237" hits="1" branch="true" condition-coverage="100% (2/2)"/>
						<line number="238" hits="1" branch="true" condition-coverage="50% (1/2)" missing-branches="239"/>
						<line number="239" hits="0"/>
						<line number="240" hits="0"/>
						<line number="242" hits="1"/>
						<line number="243" hits="1"/>
						<line number="246" hits="1"/>
						<line number="249" hits="1"/>
						<line number="250" hits="1"/>
						<line number="253" hits="1" branch="true" condition-coverage="100% (2/2)"/>
						<line number="254" hits="1"/>
						<line number="256" hits="1"/>
						<line number="257" hits="1"/>
						<line number="258" hits="1"/>
						<line number="260" hits="1"/>
						<line number="261" hits="1" branch="true" condition-coverage="50% (1/2)" missing-branches="262"/>
						<line number="262" hits="0" branch="true" condition-coverage="0% (0/2)" missing-branches="264,266"/>
						<line number="264" hits="0"/>
						<line number="265" hits="0"/>
						<line number="266" hits="0" branch="true" condition-coverage="0% (0/2)" missing-branches="268,273"/>
						<line number="268" hits="0"/>
						<line number="269" hits="0"/>
						<line number="270" hits="0"/>
						<line number="273" hits="0"/>
						<line number="275" hits="1"/>
						<line number="276" hits="1"/>
						<line number="278" hits="1" branch="true" condition-coverage="50% (1/2)" missing-branches="280"/>
						<line number="280" hits="0"/>
						<line number="281" hits="0"/>
						<line number="282" hits="0"/>
						<line number="284" hits="1"/>
						<line number="285" hits="1"/>
						<line number="286" hits="1"/>
						<line number="287" hits="1"/>
						<line number="289" hits="1"/>
						<line number="296" hits="1"/>
						<line number="298" hits="0"/>
						<line number="299" hits="0"/>
						<line number="302" hits="1"/>
						<line number="304" hits="1"/>
						<line number="305" hits="1"/>
						<line number="308" hits="1"/>
						<line number="310" hits="1"/>
						<line number="311" hits="1"/>
						<line number="314" hits="1"/>
						<line number="316" hits="1"/>
						<line number="317" hits="1"/>
						<line number="320" hits="1"/>
						<line number="322" hits="1"/>
						<line number="323" hits="1"/>
						<line number="326" hits="1"/>
						<line number="328" hits="1"/>
						<line number="329" hits="1"/>
						<line number="332" hits="1"/>
						<line number="334" hits="1"/>
						<line number="335" hits="1"/>
						<line number="338" hits="1"/>
						<line number="340" hits="1"/>
						<line number="341" hits="1"/>
						<line number="344" hits="1"/>
						<line number="346" hits="1"/>
						<line number="347" hits="1"/>
						<line number="348" hits="0"/>
						<line number="349" hits="0"/>
						<line number="352" hits="1"/>
						<line number="354" hits="1"/>
						<line number="355" hits="1"/>
						<line number="356" hits="0"/>
						<line number="357" hits="0"/>
						<line number="360" hits="1"/>
						<line number="362" hits="1"/>
						<line number="363" hits="1"/>
						<line number="364" hits="1"/>
						<line number="365" hits="1"/>
						<line number="366" hits="1"/>
						<line number="372" hits="1"/>
						<line number="375" hits="1"/>
						<line number="376" hits="1"/>
						<line number="377" hits="1" branch="true" condition-coverage="100% (2/2)"/>
						<line number="378" hits="1"/>
						<line number="380" hits="1"/>
						<line number="382" hits="1"/>
						<line number="385" hits="1"/>
						<line number="388" hits="1"/>
						<line number="389" hits="1"/>
						<line number="390" hits="1" branch="true" condition-coverage="50% (1/2)" missing-branches="393"/>
						<line number="391" hits="1"/>
						<line number="393" hits="0"/>
						<line number="395" hits="1"/>
						<line number="398" hits="1"/>
						<line number="400" hits="1"/>
						<line number="401" hits="1"/>
						<line number="402" hits="1"/>
						<line number="403" hits="1"/>
						<line number="404" hits="1"/>
						<line number="405" hits="1"/>
						<line number="406" hits="1"/>
						<line number="407" hits="1" branch="true" condition-coverage="50% (1/2)" missing-branches="408"/>
						<line number="408" hits="0"/>
						<line number="409" hits="1" branch="true" condition-coverage="50% (1/2)" missing-branches="413"/>
						<line number="410" hits="1" branch="true" condition-coverage="50% (1/2)" missing-branches="412"/>
						<line number="411" hits="1"/>
						<line number="412" hits="1"/>
						<line number="413" hits="1"/>
						<line number="415" hits="1" branch="true" condition-coverage="100% (2/2)"/>
						<line number="416" hits="1"/>
						<line number="417" hits="1"/>
						<line number="418" hits="1"/>
						<line number="419" hits="1"/>
						<line number="422" hits="1"/>
						<line number="425" hits="1"/>
						<line number="426" hits="1"/>
						<line number="427" hits="1"/>
						<line number="428" hits="1"/>
						<line number="430" hits="1"/>
						<line number="433" hits="1"/>
						<line number="435" hits="1"/>
						<line number="436" hits="1"/>
						<line number="437" hits="1" branch="true" condition-coverage="50% (1/2)" missing-branches="439"/>
						<line number="438" hits="1"/>
						<line number="439" hits="0"/>
						<line number="440" hits="1"/>
						<line number="441" hits="1"/>
						<line number="444" hits="1"/>
						<line number="446" hits="1"/>
						<line number="447" hits="1"/>
						<line number="450" hits="1"/>
						<line number="451" hits="0"/>
						<line number="454" hits="1"/>
						<line number="457" hits="1"/>
						<line number="461" hits="1" branch="true" condition-coverage="100% (2/2)"/>
						<line number="463" hits="1"/>
						<line number="464" hits="1"/>
						<line number="465" hits="1"/>
						<line number="466" hits="1" branch="true" condition-coverage="100% (2/2)"/>
						<line number="467" hits="1"/>
						<line number="468" hits="1"/>
						<line number="469" hits="1" branch="true" condition-coverage="100% (2/2)"/>
						<line number="470" hits="1"/>
						<line number="472" hits="1"/>
						<line number="473" hits="1"/>
						<line number="474" hits="1" branch="true" condition-coverage="50% (1/2)" missing-branches="476"/>
						<line number="476" hits="0" branch="true" condition-coverage="0% (0/2)" missing-branches="477,479"/>
						<line number="477" hits="0"/>
						<line number="479" hits="0"/>
						<line number="481" hits="1" branch="true" condition-coverage="100% (2/2)"/>
						<line number="482" hits="1"/>
						<line number="483" hits="1"/>
						<line number="485" hits="1"/>
						<line number="487" hits="1"/>
						<line number="489" hits="1" branch="true" condition-coverage="100% (2/2)"/>
						<line number="490" hits="1" branch="true" condition-coverage="50% (1/2)" missing-branches="492"/>
						<line number="492" hits="0"/>
						<line number="493" hits="1"/>
						<line number="494" hits="1"/>
						<line number="495" hits="1" branch="true" condition-coverage="100% (2/2)"/>
						<line number="496" hits="1"/>
						<line number="497" hits="1" branch="true" condition-coverage="100% (2/2)"/>
						<line number="498" hits="1"/>
						<line number="499" hits="1" branch="true" condition-coverage="100% (2/2)"/>
						<line number="500" hits="1"/>
						<line number="502" hits="1"/>
						<line number="504" hits="1"/>
						<line number="505" hits="1"/>
						<line number="506" hits="1"/>
						<line number="507" hits="1"/>
						<line number="508" hits="1"/>
						<line number="511" hits="1"/>
						<line number="513" hits="1"/>
						<line number="532" hits="1"/>
						<line number="533" hits="1" branch="true" condition-coverage="100% (2/2)"/>
						<line number="534" hits="1"/>
						<line number="535" hits="1" branch="true" condition-coverage="100% (2/2)"/>
						<line number="536" hits="1"/>
						<line number="537" hits="1" branch="true" condition-coverage="100% (2/2)"/>
						<line number="538" hits="1"/>
						<line number="539" hits="1" branch="true" condition-coverage="100% (2/2)"/>
						<line number="540" hits="1"/>
						<line number="541" hits="1" branch="true" condition-coverage="50% (1/2)" missing-branches="exit"/>
						<line number="542" hits="1"/>
						<line number="543" hits="1" branch="true" condition-coverage="50% (1/2)" missing-branches="exit"/>
						<line number="544" hits="1"/>
						<line number="545" hits="1" branch="true" condition-coverage="100% (2/2)"/>
						<line number="546" hits="1"/>
						<line number="547" hits="1" branch="true" condition-coverage="50% (1/2)" missing-branches="exit"/>
						<line number="548" hits="1"/>
						<line number="549" hits="1" branch="true" condition-coverage="100% (2/2)"/>
						<line number="550" hits="1"/>
						<line number="551" hits="1" branch="true" condition-coverage="50% (1/2)" missing-branches="exit"/>
						<line number="552" hits="1"/>
						<line number="553" hits="1" branch="true" condition-coverage="50% (1/2)" missing-branches="exit"/>
						<line number="554" hits="1"/>
						<line number="555" hits="1" branch="true" condition-coverage="50% (1/2)" missing-branches="exit"/>
						<line number="557" hits="1"/>
						<line number="558" hits="1"/>
						<line number="560" hits="1" branch="true" condition-coverage="50% (1/2)" missing-branches="exit"/>
						<line number="562" hits="1"/>
						<line number="563" hits="1" branch="true" condition-coverage="100% (2/2)"/>
						<line number="564" hits="1"/>
						<line number="565" hits="1"/>
						<line number="566" hits="1"/>
						<line number="567" hits="1"/>
						<line number="568" hits="1"/>
						<line number="569" hits="1"/>
						<line number="572" hits="1"/>
						<line number="574" hits="1"/>
						<line number="575" hits="1"/>
						<line number="576" hits="1"/>
						<line number="577" hits="1"/>
						<line number="578" hits="1"/>
						<line number="580" hits="1"/>
						<line number="581" hits="1"/>
						<line number="582" hits="1"/>
						<line number="583" hits="1"/>
						<line number="584" hits="1"/>
						<line number="585" hits="1" branch="true" condition-coverage="100% (2/2)"/>
						<line number="586" hits="1"/>
						<line number="587" hits="1" branch="true" condition-coverage="50% (1/2)" missing-branches="588"/>
						<line number="588" hits="0"/>
						<line number="589" hits="1" branch="true" condition-coverage="100% (2/2)"/>
						<line number="590" hits="1"/>
						<line number="591" hits="1"/>
						<line number="593" hits="1"/>
						<line number="594" hits="0"/>
						<line number="596" hits="1"/>
						<line number="597" hits="1"/>
						<line number="600" hits="1"/>
						<line number="601" hits="1"/>
						<line number="603" hits="1"/>
						<line number="604" hits="1"/>
						<line number="606" hits="1"/>
						<line number="607" hits="1"/>
						<line number="608" hits="1"/>
						<line number="609" hits="1"/>
						<line number="611" hits="1"/>
						<line number="612" hits="1"/>
						<line number="613" hits="1" branch="true" condition-coverage="100% (2/2)"/>
						<line number="616" hits="1"/>
						<line number="618" hits="1"/>
						<line number="619" hits="1"/>
						<line number="620" hits="1"/>
						<line number="621" hits="1"/>
						<line number="622" hits="1"/>
						<line number="624" hits="1"/>
						<line number="625" hits="1"/>
						<line number="626" hits="1"/>
						<line number="627" hits="1"/>
						<line number="628" hits="1"/>
						<line number="629" hits="1"/>
						<line number="631" hits="1"/>
						<line number="632" hits="1"/>
						<line number="633" hits="1"/>
						<line number="634" hits="1" branch="true" condition-coverage="100% (2/2)"/>
						<line number="635" hits="1"/>
						<line number="636" hits="1"/>
						<line number="637" hits="1"/>
						<line number="638" hits="1"/>
						<line number="640" hits="1"/>
						<line number="641" hits="1"/>
						<line number="642" hits="1"/>
						<line number="643" hits="1"/>
						<line number="644" hits="1"/>
						<line number="645" hits="1"/>
						<line number="646" hits="1"/>
						<line number="648" hits="1"/>
						<line number="649" hits="1"/>
						<line number="650" hits="1"/>
						<line number="653" hits="1"/>
						<line number="654" hits="1"/>
						<line number="655" hits="1"/>
						<line number="657" hits="1"/>
						<line number="658" hits="1"/>
						<line number="659" hits="1"/>
						<line number="660" hits="1"/>
						<line number="661" hits="1"/>
						<line number="662" hits="1"/>
						<line number="663" hits="1"/>
						<line number="666" hits="1"/>
						<line number="669" hits="1"/>
						<line number="670" hits="1"/>
						<line number="671" hits="1"/>
						<line number="672" hits="1"/>
						<line number="673" hits="1"/>
						<line number="674" hits="1"/>
						<line number="675" hits="1"/>
						<line number="676" hits="1"/>
						<line number="678" hits="1"/>
						<line number="679" hits="0"/>
						<line number="681" hits="1"/>
						<line number="682" hits="1"/>
						<line number="684" hits="1"/>
						<line number="685" hits="1"/>
						<line number="687" hits="1"/>
						<line number="688" hits="1"/>
						<line number="689" hits="0" branch="true" condition-coverage="0% (0/2)" missing-branches="690,691"/>
						<line number="690" hits="0"/>
						<line number="691" hits="0"/>
						<line number="693" hits="1"/>
						<line number="694" hits="1"/>
						<line number="696" hits="0"/>
						<line number="698" hits="1"/>
						<line number="699" hits="0"/>
						<line number="703" hits="1"/>
						<line number="706" hits="1"/>
						<line number="707" hits="1"/>
						<line number="708" hits="1"/>
						<line number="710" hits="1"/>
						<line number="711" hits="1"/>
						<line number="713" hits="1"/>
						<line number="714" hits="0"/>
						<line number="716" hits="1"/>
						<line number="717" hits="0"/>
						<line number="720" hits="1"/>
						<line number="721" hits="1"/>
						<line number="724" hits="1"/>
						<line number="725" hits="1"/>
						<line number="726" hits="1"/>
						<line number="727" hits="1"/>
						<line number="728" hits="1"/>
						<line number="729" hits="1"/>
						<line number="731" hits="1"/>
						<line number="732" hits="0"/>
						<line number="734" hits="1"/>
						<line number="736" hits="1"/>
						<line number="737" hits="1"/>
						<line number="738" hits="1" branch="true" condition-coverage="100% (2/2)"/>
						<line number="739" hits="1" branch="true" condition-coverage="50% (1/2)" missing-branches="740"/>
						<line number="740" hits="0"/>
						<line number="741" hits="1"/>
						<line number="742" hits="1"/>
						<line number="744" hits="1"/>
						<line number="745" hits="1"/>
						<line number="746" hits="0"/>
						<line number="748" hits="1"/>
						<line number="749" hits="0"/>
						<line number="752" hits="1"/>
						<line number="759" hits="1"/>
						<line number="760" hits="1"/>
						<line number="761" hits="1"/>
						<line number="763" hits="1"/>
						<line number="765" hits="1"/>
						<line number="766" hits="1"/>
						<line number="767" hits="1"/>
						<line number="768" hits="1"/>
						<line number="769" hits="1"/>
						<line number="770" hits="1"/>
						<line number="771" hits="1"/>
						<line number="772" hits="1"/>
						<line number="773" hits="1"/>
						<line number="774" hits="1"/>
						<line number="775" hits="1"/>
						<line number="776" hits="1"/>
						<line number="777" hits="1"/>
						<line number="779" hits="1"/>
						<line number="780" hits="1"/>
						<line number="781" hits="1"/>
						<line number="782" hits="1"/>
						<line number="783" hits="1"/>
						<line number="785" hits="1"/>
						<line number="786" hits="1"/>
						<line number="787" hits="1"/>
						<line number="788" hits="1"/>
						<line number="789" hits="1"/>
						<line number="790" hits="1"/>
						<line number="791" hits="1"/>
						<line number="792" hits="1"/>
						<line number="793" hits="1"/>
						<line number="794" hits="1"/>
						<line number="796" hits="1"/>
						<line number="797" hits="1"/>
						<line number="798" hits="1"/>
						<line number="799" hits="1"/>
						<line number="800" hits="1"/>
						<line number="801" hits="1"/>
						<line number="802" hits="1"/>
						<line number="803" hits="1"/>
						<line number="804" hits="1"/>
						<line number="805" hits="1"/>
						<line number="806" hits="1"/>
						<line number="807" hits="1"/>
						<line number="808" hits="1"/>
						<line number="809" hits="1"/>
						<line number="810" hits="1"/>
						<line number="811" hits="1"/>
						<line number="812" hits="1"/>
						<line number="813" hits="1"/>
						<line number="814" hits="1"/>
						<line number="815" hits="1"/>
						<line number="817" hits="1"/>
						<line number="818" hits="1"/>
						<line number="819" hits="1"/>
						<line number="820" hits="1"/>
						<line number="822" hits="1"/>
						<line number="824" hits="1"/>
						<line number="827" hits="1" branch="true" condition-coverage="100% (2/2)"/>
						<line number="828" hits="1"/>
						<line number="829" hits="1" branch="true" condition-coverage="50% (1/2)" missing-branches="832"/>
						<line number="830" hits="1"/>
						<line number="832" hits="0"/>
						<line number="834" hits="1" branch="true" condition-coverage="50% (1/2)" missing-branches="835"/>
						<line number="835" hits="0"/>
						<line number="837" hits="1"/>
						<line number="839" hits="1" branch="true" condition-coverage="100% (2/2)"/>
						<line number="841" hits="1"/>
						<line number="842" hits="1" branch="true" condition-coverage="50% (1/2)" missing-branches="844"/>
						<line number="844" hits="0"/>
						<line number="846" hits="1"/>
						<line number="848" hits="1" branch="true" condition-coverage="50% (1/2)" missing-branches="849"/>
						<line number="849" hits="0"/>
						<line number="851" hits="1"/>
						<line number="854" hits="1"/>
						<line number="855" hits="1"/>
						<line number="858" hits="1"/>
						<line number="861" hits="1"/>
						<line number="862" hits="1"/>
						<line number="865" hits="1" branch="true" condition-coverage="50% (1/2)" missing-branches="868"/>
						<line number="866" hits="1"/>
						<line number="868" hits="0"/>
						<line number="870" hits="1"/>
						<line number="871" hits="1"/>
						<line number="873" hits="1"/>
						<line number="874" hits="1" branch="true" condition-coverage="100% (2/2)"/>
						<line number="875" hits="1"/>
						<line number="877" hits="1"/>
						<line number="878" hits="1" branch="true" condition-coverage="100% (2/2)"/>
						<line number="879" hits="1"/>
						<line number="880" hits="1"/>
						<line number="882" hits="1"/>
						<line number="883" hits="1"/>
						<line number="885" hits="1"/>
						<line number="886" hits="1"/>
						<line number="887" hits="1"/>
						<line number="888" hits="1"/>
						<line number="890" hits="1"/>
						<line number="891" hits="1"/>
						<line number="893" hits="1"/>
						<line number="894" hits="1"/>
						<line number="896" hits="1"/>
						<line number="897" hits="0"/>
						<line number="899" hits="1"/>
						<line number="900" hits="1"/>
						<line number="901" hits="0"/>
						<line number="903" hits="1"/>
						<line number="904" hits="1"/>
						<line number="905" hits="1"/>
						<line number="907" hits="1"/>
						<line number="908" hits="1"/>
						<line number="917" hits="1" branch="true" condition-coverage="50% (1/2)" missing-branches="940"/>
						<line number="918" hits="1"/>
						<line number="919" hits="1"/>
						<line number="920" hits="1"/>
						<line number="921" hits="1"/>
						<line number="922" hits="1"/>
						<line number="923" hits="1" branch="true" condition-coverage="100% (2/2)"/>
						<line number="924" hits="1" branch="true" condition-coverage="100% (2/2)"/>
						<line number="925" hits="1"/>
						<line number="926" hits="1"/>
						<line number="928" hits="1"/>
						<line number="929" hits="1"/>
						<line number="930" hits="1"/>
						<line number="931" hits="1"/>
						<line number="932" hits="1" branch="true" condition-coverage="50% (1/2)" missing-branches="935"/>
						<line number="933" hits="1"/>
						<line number="935" hits="0"/>
						<line number="936" hits="1"/>
						<line number="937" hits="1"/>
						<line number="938" hits="1"/>
						<line number="939" hits="1"/>
						<line number="940" hits="1"/>
						<line number="942" hits="1"/>
						<line number="943" hits="1"/>
						<line number="944" hits="1" branch="true" condition-coverage="100% (2/2)"/>
						<line number="946" hits="1"/>
						<line number="947" hits="1"/>
						<line number="948" hits="1" branch="true" condition-coverage="100% (2/2)"/>
						<line number="950" hits="1"/>
						<line number="951" hits="1"/>
						<line number="952" hits="1" branch="true" condition-coverage="100% (2/2)"/>
						<line number="954" hits="1"/>
						<line number="955" hits="1"/>
						<line number="956" hits="1" branch="true" condition-coverage="100% (2/2)"/>
						<line number="958" hits="1"/>
						<line number="959" hits="1"/>
						<line number="960" hits="1" branch="true" condition-coverage="100% (2/2)"/>
						<line number="962" hits="1"/>
						<line number="963" hits="1"/>
						<line number="964" hits="1" branch="true" condition-coverage="100% (2/2)"/>
						<line number="966" hits="1"/>
						<line number="967" hits="1"/>
						<line number="968" hits="1" branch="true" condition-coverage="100% (2/2)"/>
						<line number="970" hits="1"/>
						<line number="971" hits="1"/>
						<line number="972" hits="1" branch="true" condition-coverage="100% (2/2)"/>
						<line number="974" hits="1"/>
						<line number="975" hits="1"/>
						<line number="976" hits="1" branch="true" condition-coverage="100% (2/2)"/>
						<line number="978" hits="1"/>
						<line number="979" hits="1"/>
						<line number="980" hits="1" branch="true" condition-coverage="100% (2/2)"/>
						<line number="983" hits="1"/>
						<line number="984" hits="1"/>
						<line number="985" hits="1"/>
						<line number="986" hits="1"/>
						<line number="987" hits="1"/>
						<line number="988" hits="1"/>
						<line number="989" hits="1"/>
						<line number="990" hits="1"/>
						<line number="991" hits="1"/>
						<line number="992" hits="1"/>
						<line number="993" hits="1"/>
						<line number="994" hits="1"/>
						<line number="995" hits="1"/>
						<line number="996" hits="1"/>
						<line number="997" hits="1"/>
						<line number="998" hits="1"/>
						<line number="999" hits="1"/>
						<line number="1000" hits="1"/>
						<line number="1001" hits="1"/>
						<line number="1002" hits="1"/>
						<line number="1003" hits="1"/>
						<line number="1004" hits="1"/>
						<line number="1005" hits="1"/>
						<line number="1006" hits="1"/>
						<line number="1008" hits="1"/>
						<line number="1009" hits="1"/>
						<line number="1010" hits="0"/>
						<line number="1012" hits="1"/>
						<line number="1013" hits="1"/>
						<line number="1014" hits="1"/>
						<line number="1015" hits="1"/>
						<line number="1017" hits="1"/>
						<line number="1018" hits="1"/>
						<line number="1019" hits="1"/>
						<line number="1020" hits="1"/>
						<line number="1021" hits="1"/>
						<line number="1022" hits="1"/>
						<line number="1023" hits="1"/>
						<line number="1024" hits="1"/>
						<line number="1026" hits="1"/>
						<line number="1027" hits="1" branch="true" condition-coverage="50% (1/2)" missing-branches="1028"/>
						<line number="1028" hits="0"/>
						<line number="1029" hits="1"/>
						<line number="1030" hits="1"/>
						<line number="1031" hits="1"/>
						<line number="1032" hits="1" branch="true" condition-coverage="50% (1/2)" missing-branches="1037"/>
						<line number="1033" hits="1"/>
						<line number="1034" hits="1"/>
						<line number="1035" hits="1"/>
						<line number="1037" hits="0"/>
						<line number="1038" hits="0"/>
						<line number="1039" hits="0"/>
						<line number="1041" hits="1"/>
						<line number="1042" hits="1"/>
						<line number="1044" hits="1"/>
						<line number="1045" hits="0"/>
						<line number="1050" hits="1"/>
						<line number="1051" hits="1"/>
						<line number="1052" hits="1"/>
						<line number="1053" hits="1"/>
						<line number="1054" hits="1"/>
						<line number="1055" hits="1"/>
						<line number="1056" hits="1"/>
						<line number="1057" hits="1"/>
						<line number="1058" hits="1"/>
						<line number="1059" hits="1"/>
						<line number="1060" hits="1"/>
						<line number="1061" hits="1"/>
						<line number="1062" hits="1"/>
						<line number="1063" hits="1"/>
						<line number="1064" hits="1"/>
						<line number="1065" hits="1"/>
						<line number="1066" hits="1"/>
						<line number="1067" hits="1"/>
						<line number="1068" hits="1"/>
						<line number="1069" hits="1"/>
						<line number="1070" hits="1"/>
						<line number="1071" hits="1"/>
						<line number="1072" hits="1"/>
						<line number="1073" hits="1"/>
						<line number="1074" hits="1"/>
						<line number="1075" hits="1"/>
						<line number="1076" hits="1"/>
						<line number="1077" hits="1"/>
						<line number="1078" hits="1"/>
						<line number="1079" hits="1"/>
						<line number="1080" hits="1"/>
						<line number="1081" hits="1"/>
						<line number="1082" hits="1"/>
						<line number="1083" hits="1"/>
						<line number="1084" hits="1"/>
						<line number="1085" hits="1"/>
						<line number="1086" hits="1"/>
						<line number="1087" hits="1"/>
						<line number="1088" hits="1"/>
						<line number="1089" hits="1"/>
						<line number="1090" hits="1"/>
						<line number="1091" hits="1"/>
						<line number="1093" hits="1"/>
						<line number="1094" hits="1"/>
						<line number="1095" hits="0"/>
						<line number="1097" hits="1"/>
						<line number="1098" hits="1"/>
						<line number="1099" hits="1"/>
						<line number="1100" hits="1"/>
						<line number="1101" hits="1"/>
						<line number="1102" hits="1"/>
						<line number="1103" hits="1"/>
						<line number="1104" hits="1"/>
						<line number="1105" hits="1"/>
						<line number="1106" hits="1"/>
						<line number="1107" hits="1"/>
						<line number="1108" hits="1"/>
						<line number="1109" hits="1"/>
						<line number="1110" hits="1"/>
						<line number="1111" hits="1"/>
						<line number="1112" hits="1"/>
						<line number="1113" hits="1"/>
						<line number="1115" hits="1"/>
						<line number="1116" hits="1"/>
						<line number="1117" hits="1"/>
						<line number="1119" hits="1"/>
						<line number="1120" hits="1"/>
						<line number="1121" hits="1"/>
						<line number="1122" hits="1"/>
						<line number="1123" hits="1"/>
						<line number="1124" hits="1"/>
						<line number="1125" hits="1"/>
						<line number="1126" hits="1"/>
						<line number="1127" hits="1"/>
						<line number="1128" hits="1"/>
						<line number="1129" hits="1"/>
						<line number="1131" hits="1"/>
						<line number="1132" hits="1" branch="true" condition-coverage="50% (1/2)" missing-branches="1133"/>
						<line number="1133" hits="0"/>
						<line number="1134" hits="1"/>
						<line number="1135" hits="1"/>
						<line number="1136" hits="1" branch="true" condition-coverage="50% (1/2)" missing-branches="1142"/>
						<line number="1137" hits="1"/>
						<line number="1138" hits="1"/>
						<line number="1139" hits="1"/>
						<line number="1140" hits="1"/>
						<line number="1142" hits="0"/>
						<line number="1143" hits="0"/>
						<line number="1144" hits="0"/>
						<line number="1145" hits="0"/>
						<line number="1147" hits="1"/>
						<line number="1148" hits="1"/>
						<line number="1149" hits="1"/>
						<line number="1151" hits="1" branch="true" condition-coverage="50% (1/2)" missing-branches="1155"/>
						<line number="1152" hits="1"/>
						<line number="1153" hits="1"/>
						<line number="1155" hits="0"/>
						<line number="1156" hits="0"/>
						<line number="1157" hits="1"/>
						<line number="1158" hits="1"/>
						<line number="1159" hits="1"/>
						<line number="1160" hits="1"/>
						<line number="1161" hits="1" branch="true" condition-coverage="100% (2/2)"/>
						<line number="1162" hits="1"/>
						<line number="1163" hits="1"/>
						<line number="1164" hits="1"/>
						<line number="1166" hits="1"/>
						<line number="1167" hits="0"/>
						<line number="1172" hits="1"/>
						<line number="1175" hits="1"/>
						<line number="1176" hits="1"/>
						<line number="1178" hits="1"/>
						<line number="1182" hits="1"/>
						<line number="1183" hits="1" branch="true" condition-coverage="50% (1/2)" missing-branches="1184"/>
						<line number="1184" hits="0"/>
						<line number="1186" hits="1" branch="true" condition-coverage="50% (1/2)" missing-branches="1187"/>
						<line number="1187" hits="0"/>
						<line number="1189" hits="1"/>
						<line number="1191" hits="1" branch="true" condition-coverage="100% (2/2)"/>
						<line number="1192" hits="1" branch="true" condition-coverage="100% (2/2)"/>
						<line number="1193" hits="1"/>
						<line number="1194" hits="1"/>
						<line number="1197" hits="1"/>
						<line number="1198" hits="1"/>
						<line number="1200" hits="1"/>
						<line number="1201" hits="1"/>
						<line number="1203" hits="1"/>
						<line number="1204" hits="1"/>
						<line number="1206" hits="1"/>
						<line number="1207" hits="0"/>
						<line number="1208" hits="0"/>
						<line number="1211" hits="1"/>
						<line number="1212" hits="1"/>
						<line number="1213" hits="1"/>
						<line number="1215" hits="1"/>
						<line number="1218" hits="1"/>
						<line number="1219" hits="1"/>
						<line number="1220" hits="1"/>
						<line number="1221" hits="1"/>
						<line number="1222" hits="1"/>
						<line number="1223" hits="1"/>
						<line number="1224" hits="1"/>
						<line number="1225" hits="1"/>
						<line number="1230" hits="1" branch="true" condition-coverage="50% (1/2)" missing-branches="1235"/>
						<line number="1231" hits="1"/>
						<line number="1234" hits="1"/>
						<line number="1235" hits="1" branch="true" condition-coverage="50% (1/2)" missing-branches="1240"/>
						<line number="1236" hits="1"/>
						<line number="1239" hits="1"/>
						<line number="1240" hits="1"/>
						<line number="1243" hits="1"/>
						<line number="1244" hits="1"/>
						<line number="1246" hits="1"/>
						<line number="1247" hits="1"/>
						<line number="1248" hits="1"/>
						<line number="1249" hits="1"/>
						<line number="1251" hits="1"/>
						<line number="1252" hits="1"/>
						<line number="1253" hits="1"/>
						<line number="1254" hits="1"/>
						<line number="1255" hits="1"/>
						<line number="1257" hits="1"/>
						<line number="1258" hits="1" branch="true" condition-coverage="50% (1/2)" missing-branches="1260"/>
						<line number="1259" hits="1"/>
						<line number="1260" hits="0"/>
						<line number="1262" hits="1"/>
						<line number="1263" hits="0"/>
						<line number="1265" hits="1"/>
						<line number="1266" hits="0"/>
						<line number="1268" hits="1"/>
						<line number="1269" hits="1"/>
						<line number="1270" hits="1"/>
						<line number="1272" hits="1"/>
						<line number="1273" hits="1"/>
						<line number="1274" hits="0"/>
						<line number="1276" hits="1"/>
						<line number="1277" hits="1"/>
						<line number="1278" hits="0"/>
						<line number="1280" hits="1"/>
						<line number="1281" hits="1"/>
						<line number="1283" hits="1" branch="true" condition-coverage="50% (1/2)" missing-branches="1295"/>
						<line number="1288" hits="1"/>
						<line number="1289" hits="1"/>
						<line number="1290" hits="1" branch="true" condition-coverage="50% (1/2)" missing-branches="1293"/>
						<line number="1291" hits="1"/>
						<line number="1293" hits="0"/>
						<line number="1294" hits="0"/>
						<line number="1295" hits="0"/>
						<line number="1297" hits="1"/>
						<line number="1298" hits="1"/>
						<line number="1299" hits="1"/>
						<line number="1302" hits="1"/>
						<line number="1305" hits="1"/>
						<line number="1306" hits="1"/>
						<line number="1307" hits="1"/>
						<line number="1308" hits="1"/>
						<line number="1309" hits="1"/>
						<line number="1310" hits="1"/>
						<line number="1312" hits="1"/>
						<line number="1313" hits="1"/>
						<line number="1314" hits="1"/>
						<line number="1315" hits="1"/>
						<line number="1319" hits="1" branch="true" condition-coverage="50% (1/2)" missing-branches="1325"/>
						<line number="1321" hits="1"/>
						<line number="1325" hits="1"/>
						<line number="1334" hits="1" branch="true" condition-coverage="50% (1/2)" missing-branches="1339"/>
						<line number="1336" hits="1"/>
						<line number="1339" hits="1"/>
						<line number="1343" hits="1"/>
						<line number="1344" hits="1"/>
						<line number="1345" hits="1"/>
						<line number="1347" hits="1"/>
						<line number="1348" hits="1"/>
						<line number="1349" hits="1"/>
						<line number="1350" hits="0"/>
						<line number="1351" hits="0"/>
						<line number="1354" hits="1"/>
						<line number="1355" hits="1"/>
						<line number="1357" hits="1"/>
						<line number="1358" hits="1"/>
						<line number="1359" hits="1"/>
						<line number="1360" hits="1"/>
						<line number="1361" hits="1"/>
						<line number="1363" hits="1"/>
						<line number="1364" hits="0"/>
						<line number="1366" hits="1"/>
						<line number="1367" hits="1"/>
						<line number="1369" hits="1"/>
						<line number="1370" hits="1"/>
						<line number="1372" hits="1"/>
						<line number="1373" hits="1"/>
						<line number="1375" hits="1"/>
						<line number="1376" hits="1" branch="true" condition-coverage="100% (2/2)"/>
						<line number="1377" hits="1"/>
						<line number="1379" hits="1"/>
						<line number="1380" hits="1"/>
						<line number="1381" hits="1"/>
						<line number="1383" hits="1"/>
						<line number="1384" hits="1"/>
						<line number="1386" hits="1"/>
						<line number="1387" hits="1"/>
						<line number="1390" hits="1"/>
						<line number="1392" hits="1"/>
						<line number="1393" hits="0"/>
						<line number="1395" hits="1"/>
						<line number="1396" hits="1"/>
						<line number="1397" hits="1"/>
						<line number="1399" hits="1"/>
						<line number="1400" hits="1"/>
						<line number="1401" hits="1"/>
						<line number="1403" hits="1"/>
						<line number="1404" hits="1"/>
						<line number="1405" hits="1"/>
						<line number="1407" hits="1"/>
						<line number="1408" hits="1"/>
						<line number="1409" hits="1"/>
						<line number="1411" hits="1"/>
						<line number="1412" hits="1"/>
						<line number="1413" hits="1"/>
						<line number="1415" hits="1"/>
						<line number="1416" hits="1"/>
						<line number="1417" hits="1"/>
						<line number="1419" hits="1"/>
						<line number="1420" hits="1"/>
						<line number="1421" hits="1"/>
						<line number="1423" hits="1"/>
						<line number="1424" hits="1"/>
						<line number="1425" hits="0"/>
						<line number="1427" hits="1"/>
						<line number="1428" hits="1"/>
						<line number="1429" hits="1"/>
						<line number="1431" hits="1"/>
						<line number="1432" hits="1"/>
						<line number="1433" hits="0"/>
						<line number="1435" hits="1"/>
						<line number="1436" hits="1"/>
						<line number="1437" hits="0"/>
						<line number="1439" hits="1"/>
						<line number="1440" hits="1"/>
						<line number="1441" hits="1"/>
						<line number="1443" hits="1"/>
						<line number="1444" hits="1"/>
						<line number="1445" hits="1"/>
						<line number="1447" hits="1"/>
						<line number="1449" hits="1"/>
						<line number="1450" hits="1" branch="true" condition-coverage="100% (2/2)"/>
						<line number="1451" hits="1"/>
						<line number="1452" hits="1"/>
						<line number="1454" hits="1"/>
						<line number="1455" hits="1"/>
						<line number="1456" hits="1"/>
						<line number="1457" hits="1"/>
						<line number="1458" hits="1"/>
						<line number="1460" hits="1"/>
						<line number="1461" hits="0"/>
						<line number="1462" hits="0"/>
						<line number="1463" hits="0"/>
						<line number="1465" hits="1"/>
						<line number="1466" hits="1"/>
						<line number="1468" hits="1"/>
						<line number="1469" hits="1" branch="true" condition-coverage="100% (2/2)"/>
						<line number="1470" hits="1"/>
						<line number="1471" hits="1" branch="true" condition-coverage="50% (1/2)" missing-branches="1472"/>
						<line number="1472" hits="0"/>
						<line number="1473" hits="1"/>
						<line number="1474" hits="1"/>
						<line number="1475" hits="1" branch="true" condition-coverage="50% (1/2)" missing-branches="1476"/>
						<line number="1476" hits="0"/>
						<line number="1477" hits="1"/>
						<line number="1479" hits="1"/>
						<line number="1480" hits="1" branch="true" condition-coverage="50% (1/2)" missing-branches="1481"/>
						<line number="1481" hits="0"/>
						<line number="1482" hits="1"/>
						<line number="1483" hits="1"/>
						<line number="1484" hits="1" branch="true" condition-coverage="50% (1/2)" missing-branches="1485"/>
						<line number="1485" hits="0"/>
						<line number="1486" hits="0"/>
						<line number="1487" hits="0"/>
						<line number="1488" hits="1"/>
						<line number="1490" hits="1"/>
						<line number="1491" hits="1"/>
						<line number="1494" hits="1" branch="true" condition-coverage="50% (1/2)" missing-branches="1495"/>
						<line number="1495" hits="0"/>
						<line number="1497" hits="1"/>
						<line number="1498" hits="1"/>
						<line number="1499" hits="1"/>
						<line number="1501" hits="1"/>
						<line number="1502" hits="1"/>
						<line number="1504" hits="0"/>
						<line number="1505" hits="0"/>
						<line number="1506" hits="0"/>
						<line number="1507" hits="0" branch="true" condition-coverage="0% (0/2)" missing-branches="1508,1513"/>
						<line number="1508" hits="0" branch="true" condition-coverage="0% (0/2)" missing-branches="1509,1510"/>
						<line number="1509" hits="0"/>
						<line number="1510" hits="0"/>
						<line number="1511" hits="0"/>
						<line number="1512" hits="0"/>
						<line number="1513" hits="0"/>
						<line number="1516" hits="1"/>
						<line number="1521" hits="1"/>
						<line number="1522" hits="1"/>
						<line number="1523" hits="1"/>
						<line number="1524" hits="1"/>
						<line number="1526" hits="1"/>
						<line number="1527" hits="1"/>
						<line number="1533" hits="1"/>
						<line number="1534" hits="1"/>
						<line number="1535" hits="1"/>
						<line number="1536" hits="1"/>
						<line number="1537" hits="1"/>
						<line number="1539" hits="1"/>
						<line number="1547" hits="1"/>
						<line number="1549" hits="1"/>
						<line number="1550" hits="1"/>
						<line number="1551" hits="1"/>
						<line number="1552" hits="1"/>
						<line number="1553" hits="1" branch="true" condition-coverage="100% (2/2)"/>
						<line number="1554" hits="1"/>
						<line number="1555" hits="1"/>
						<line number="1556" hits="1"/>
						<line number="1557" hits="1"/>
						<line number="1558" hits="1"/>
						<line number="1560" hits="1"/>
						<line number="1561" hits="1"/>
						<line number="1562" hits="1"/>
						<line number="1564" hits="1"/>
						<line number="1565" hits="1"/>
						<line number="1567" hits="1"/>
						<line number="1568" hits="1"/>
						<line number="1569" hits="0"/>
						<line number="1571" hits="1"/>
						<line number="1572" hits="1"/>
						<line number="1573" hits="1"/>
						<line number="1575" hits="1"/>
						<line number="1576" hits="1"/>
						<line number="1577" hits="1"/>
						<line number="1579" hits="1"/>
						<line number="1580" hits="1"/>
						<line number="1581" hits="1"/>
						<line number="1583" hits="1"/>
						<line number="1584" hits="1"/>
						<line number="1585" hits="0"/>
						<line number="1587" hits="1"/>
						<line number="1588" hits="1"/>
						<line number="1589" hits="0"/>
						<line number="1591" hits="1"/>
						<line number="1592" hits="1"/>
						<line number="1593" hits="0"/>
						<line number="1595" hits="1"/>
						<line number="1597" hits="1"/>
						<line number="1598" hits="1"/>
						<line number="1599" hits="1" branch="true" condition-coverage="50% (1/2)" missing-branches="exit"/>
						<line number="1600" hits="1" branch="true" condition-coverage="50% (1/2)" missing-branches="exit"/>
						<line number="1601" hits="1"/>
						<line number="1603" hits="1"/>
						<line number="1604" hits="1"/>
						<line number="1605" hits="1"/>
						<line number="1607" hits="1"/>
						<line number="1608" hits="1"/>
						<line number="1610" hits="1"/>
						<line number="1611" hits="1"/>
						<line number="1612" hits="1"/>
						<line number="1614" hits="1"/>
						<line number="1615" hits="1"/>
						<line number="1617" hits="1" branch="true" condition-coverage="100% (2/2)"/>
						<line number="1618" hits="1"/>
						<line number="1620" hits="1" branch="true" condition-coverage="50% (1/2)" missing-branches="1621"/>
						<line number="1621" hits="0"/>
						<line number="1623" hits="1"/>
						<line number="1625" hits="1" branch="true" condition-coverage="50% (1/2)" missing-branches="1626"/>
						<line number="1626" hits="0"/>
						<line number="1628" hits="1"/>
						<line number="1629" hits="1" branch="true" condition-coverage="50% (1/2)" missing-branches="1630"/>
						<line number="1630" hits="0"/>
						<line number="1632" hits="1"/>
						<line number="1633" hits="1"/>
						<line number="1635" hits="1"/>
						<line number="1636" hits="1"/>
						<line number="1637" hits="1"/>
						<line number="1639" hits="1"/>
						<line number="1640" hits="1"/>
						<line number="1642" hits="1"/>
						<line number="1643" hits="1"/>
						<line number="1645" hits="1"/>
						<line number="1646" hits="1"/>
						<line number="1648" hits="1"/>
						<line number="1649" hits="1"/>
						<line number="1651" hits="1"/>
						<line number="1655" hits="1" branch="true" condition-coverage="50% (1/2)" missing-branches="1656"/>
						<line number="1656" hits="0"/>
						<line number="1658" hits="1"/>
						<line number="1659" hits="1"/>
						<line number="1661" hits="1"/>
						<line number="1662" hits="1"/>
						<line number="1663" hits="1"/>
						<line number="1665" hits="1"/>
						<line number="1666" hits="1"/>
						<line number="1667" hits="1"/>
						<line number="1668" hits="1"/>
						<line number="1669" hits="0"/>
						<line number="1670" hits="0"/>
						<line number="1672" hits="1"/>
						<line number="1673" hits="1"/>
						<line number="1674" hits="1"/>
						<line number="1675" hits="0"/>
						<line number="1676" hits="0"/>
						<line number="1678" hits="1" branch="true" condition-coverage="50% (1/2)" missing-branches="1681"/>
						<line number="1679" hits="1"/>
						<line number="1681" hits="1"/>
						<line number="1683" hits="1"/>
						<line number="1684" hits="0"/>
						<line number="1685" hits="0"/>
						<line number="1687" hits="0"/>
						<line number="1688" hits="0"/>
						<line number="1689" hits="0"/>
						<line number="1690" hits="0"/>
						<line number="1691" hits="0"/>
						<line number="1693" hits="0"/>
						<line number="1694" hits="0"/>
						<line number="1695" hits="0"/>
						<line number="1696" hits="0"/>
						<line number="1698" hits="0"/>
						<line number="1700" hits="1"/>
						<line number="1701" hits="1"/>
						<line number="1704" hits="1"/>
						<line number="1705" hits="1"/>
						<line number="1709" hits="1" branch="true" condition-coverage="50% (1/2)" missing-branches="1710"/>
						<line number="1710" hits="0"/>
						<line number="1711" hits="1"/>
						<line number="1713" hits="1"/>
						<line number="1714" hits="1"/>
						<line number="1715" hits="1" branch="true" condition-coverage="100% (2/2)"/>
						<line number="1716" hits="1"/>
						<line number="1717" hits="1" branch="true" condition-coverage="100% (2/2)"/>
						<line number="1718" hits="1"/>
						<line number="1720" hits="1"/>
						<line number="1723" hits="1"/>
						<line number="1725" hits="1"/>
						<line number="1726" hits="1"/>
						<line number="1727" hits="1"/>
						<line number="1728" hits="1" branch="true" condition-coverage="50% (1/2)" missing-branches="1729"/>
						<line number="1729" hits="0"/>
						<line number="1730" hits="1"/>
						<line number="1732" hits="1"/>
						<line number="1734" hits="0"/>
						<line number="1735" hits="0" branch="true" condition-coverage="0% (0/2)" missing-branches="1736,1737"/>
						<line number="1736" hits="0"/>
						<line number="1737" hits="0"/>
						<line number="1739" hits="1"/>
						<line number="1741" hits="1"/>
						<line number="1742" hits="1" branch="true" condition-coverage="50% (1/2)" missing-branches="1743"/>
						<line number="1743" hits="0"/>
						<line number="1744" hits="1"/>
						<line number="1746" hits="1"/>
						<line number="1748" hits="1"/>
						<line number="1750" hits="1"/>
						<line number="1751" hits="1"/>
						<line number="1752" hits="0"/>
						<line number="1754" hits="1"/>
						<line number="1756" hits="1"/>
						<line number="1757" hits="1"/>
						<line number="1758" hits="1"/>
						<line number="1759" hits="1"/>
						<line number="1761" hits="1"/>
						<line number="1764" hits="1"/>
						<line number="1767" hits="1"/>
						<line number="1768" hits="1" branch="true" condition-coverage="50% (1/2)" missing-branches="1770"/>
						<line number="1769" hits="1"/>
						<line number="1770" hits="1"/>
						<line number="1773" hits="1"/>
						<line number="1774" hits="1"/>
						<line number="1775" hits="1"/>
						<line number="1778" hits="1"/>
						<line number="1779" hits="1"/>
						<line number="1780" hits="1"/>
						<line number="1783" hits="1"/>
						<line number="1784" hits="1"/>
						<line number="1785" hits="1"/>
						<line number="1788" hits="1"/>
						<line number="1789" hits="1"/>
						<line number="1790" hits="1"/>
						<line number="1793" hits="1"/>
						<line number="1795" hits="1" branch="true" condition-coverage="50% (1/2)" missing-branches="1796"/>
						<line number="1796" hits="0"/>
						<line number="1797" hits="0"/>
						<line number="1798" hits="1"/>
						<line number="1799" hits="1"/>
						<line number="1802" hits="1"/>
						<line number="1805" hits="1"/>
						<line number="1806" hits="0"/>
						<line number="1807" hits="0" branch="true" condition-coverage="0% (0/2)" missing-branches="1808,1809"/>
						<line number="1808" hits="0"/>
						<line number="1809" hits="0"/>
						<line number="1811" hits="1"/>
						<line number="1812" hits="1"/>
						<line number="1814" hits="1"/>
						<line number="1815" hits="1"/>
						<line number="1816" hits="1"/>
						<line number="1818" hits="1" branch="true" condition-coverage="100% (2/2)"/>
						<line number="1819" hits="1"/>
						<line number="1821" hits="1" branch="true" condition-coverage="50% (1/2)" missing-branches="1822"/>
						<line number="1822" hits="0"/>
						<line number="1824" hits="1"/>
						<line number="1825" hits="1"/>
						<line number="1827" hits="1"/>
						<line number="1828" hits="1"/>
						<line number="1829" hits="1"/>
						<line number="1830" hits="1"/>
						<line number="1831" hits="1"/>
						<line number="1832" hits="1"/>
						<line number="1833" hits="1"/>
						<line number="1834" hits="1"/>
						<line number="1836" hits="1"/>
						<line number="1837" hits="1"/>
						<line number="1838" hits="1"/>
						<line number="1839" hits="0"/>
						<line number="1840" hits="0"/>
						<line number="1842" hits="1"/>
						<line number="1843" hits="1"/>
						<line number="1844" hits="1"/>
						<line number="1847" hits="1"/>
						<line number="1849" hits="1"/>
						<line number="1850" hits="1"/>
						<line number="1851" hits="1"/>
						<line number="1852" hits="1"/>
						<line number="1855" hits="1"/>
						<line number="1857" hits="1"/>
						<line number="1860" hits="1"/>
						<line number="1861" hits="1"/>
						<line number="1863" hits="1" branch="true" condition-coverage="100% (2/2)"/>
						<line number="1864" hits="1"/>
						<line number="1865" hits="1"/>
						<line number="1866" hits="1" branch="true" condition-coverage="100% (2/2)"/>
						<line number="1867" hits="1"/>
						<line number="1869" hits="1"/>
						<line number="1872" hits="1"/>
						<line number="1873" hits="1"/>
						<line number="1880" hits="1"/>
						<line number="1881" hits="1" branch="true" condition-coverage="100% (2/2)"/>
						<line number="1882" hits="1"/>
						<line number="1884" hits="1" branch="true" condition-coverage="100% (2/2)"/>
						<line number="1885" hits="1"/>
						<line number="1886" hits="1" branch="true" condition-coverage="100% (2/2)"/>
						<line number="1887" hits="1"/>
						<line number="1889" hits="1"/>
						<line number="1890" hits="1" branch="true" condition-coverage="50% (1/2)" missing-branches="1892"/>
						<line number="1891" hits="1"/>
						<line number="1892" hits="1"/>
						<line number="1895" hits="1"/>
						<line number="1903" hits="1"/>
						<line number="1904" hits="1"/>
						<line number="1906" hits="1" branch="true" condition-coverage="100% (2/2)"/>
						<line number="1907" hits="1"/>
						<line number="1908" hits="1" branch="true" condition-coverage="100% (2/2)"/>
						<line number="1910" hits="1" branch="true" condition-coverage="100% (2/2)"/>
						<line number="1911" hits="1"/>
						<line number="1912" hits="1"/>
						<line number="1914" hits="1" branch="true" condition-coverage="100% (2/2)"/>
						<line number="1915" hits="1" branch="true" condition-coverage="50% (1/2)" missing-branches="1919"/>
						<line number="1916" hits="1"/>
						<line number="1917" hits="1"/>
						<line number="1919" hits="0"/>
						<line number="1921" hits="1"/>
						<line number="1922" hits="1"/>
						<line number="1925" hits="1"/>
						<line number="1927" hits="1"/>
						<line number="1930" hits="1"/>
						<line number="1932" hits="1"/>
						<line number="1935" hits="1"/>
						<line number="1937" hits="1"/>
						<line number="1938" hits="1"/>
						<line number="1941" hits="1"/>
						<line number="1943" hits="1"/>
						<line number="1944" hits="1"/>
						<line number="1947" hits="1"/>
						<line number="1948" hits="1"/>
						<line number="1949" hits="1"/>
						<line number="1950" hits="1"/>
						<line number="1952" hits="1"/>
						<line number="1953" hits="1"/>
						<line number="1954" hits="1"/>
						<line number="1957" hits="1"/>
						<line number="1958" hits="1"/>
						<line number="1959" hits="1" branch="true" condition-coverage="50% (1/2)" missing-branches="exit"/>
						<line number="1960" hits="1"/>
						<line number="1961" hits="1"/>
						<line number="1963" hits="1"/>
						<line number="1965" hits="1"/>
						<line number="1966" hits="1"/>
						<line number="1967" hits="1"/>
						<line number="1968" hits="1"/>
						<line number="1969" hits="1"/>
						<line number="1971" hits="1"/>
						<line number="1973" hits="1"/>
						<line number="1974" hits="1"/>
						<line number="1975" hits="1"/>
						<line number="1978" hits="1"/>
						<line number="1980" hits="0" branch="true" condition-coverage="0% (0/2)" missing-branches="exit,1981"/>
						<line number="1981" hits="0"/>
						<line number="1982" hits="0"/>
						<line number="1983" hits="0"/>
						<line number="1984" hits="0"/>
						<line number="1985" hits="0"/>
						<line number="1988" hits="1"/>
						<line number="1990" hits="0"/>
						<line number="1991" hits="0"/>
						<line number="1992" hits="0"/>
						<line number="1995" hits="1"/>
						<line number="1997" hits="1"/>
						<line number="1998" hits="1" branch="true" condition-coverage="100% (2/2)"/>
						<line number="1999" hits="1"/>
						<line number="2000" hits="1"/>
						<line number="2003" hits="1"/>
						<line number="2004" hits="1"/>
						<line number="2006" hits="0"/>
						<line number="2007" hits="0"/>
						<line number="2008" hits="0"/>
						<line number="2009" hits="0"/>
						<line number="2011" hits="1"/>
						<line number="2012" hits="1"/>
						<line number="2017" hits="1"/>
						<line number="2018" hits="1" branch="true" condition-coverage="100% (2/2)"/>
						<line number="2019" hits="1"/>
						<line number="2023" hits="1"/>
						<line number="2024" hits="1"/>
						<line number="2025" hits="1"/>
						<line number="2026" hits="1" branch="true" condition-coverage="50% (1/2)" missing-branches="2027"/>
						<line number="2027" hits="0"/>
						<line number="2028" hits="1"/>
						<line number="2031" hits="1"/>
						<line number="2040" hits="1"/>
						<line number="2041" hits="1"/>
						<line number="2043" hits="1" branch="true" condition-coverage="100% (2/2)"/>
						<line number="2044" hits="1"/>
						<line number="2045" hits="1"/>
						<line number="2046" hits="1"/>
						<line number="2047" hits="1"/>
						<line number="2048" hits="1"/>
						<line number="2049" hits="1" branch="true" condition-coverage="100% (2/2)"/>
						<line number="2050" hits="1"/>
						<line number="2051" hits="1"/>
						<line number="2053" hits="1"/>
						<line number="2055" hits="1"/>
						<line number="2056" hits="1"/>
						<line number="2058" hits="1"/>
						<line number="2060" hits="1"/>
						<line number="2063" hits="1"/>
						<line number="2066" hits="1" branch="true" condition-coverage="50% (1/2)" missing-branches="2067"/>
						<line number="2067" hits="0"/>
						<line number="2070" hits="1"/>
						<line number="2074" hits="1" branch="true" condition-coverage="50% (1/2)" missing-branches="2097"/>
						<line number="2075" hits="1"/>
						<line number="2076" hits="1"/>
						<line number="2077" hits="1"/>
						<line number="2079" hits="1"/>
						<line number="2082" hits="1" branch="true" condition-coverage="50% (1/2)" missing-branches="2083"/>
						<line number="2083" hits="0"/>
						<line number="2087" hits="1"/>
						<line number="2090" hits="1" branch="true" condition-coverage="50% (1/2)" missing-branches="2091"/>
						<line number="2091" hits="0"/>
						<line number="2094" hits="1" branch="true" condition-coverage="66% (2/3)" missing-branches="2074"/>
						<line number="2095" hits="1"/>
						<line number="2097" hits="1"/>
						<line number="2100" hits="1"/>
						<line number="2101" hits="1"/>
						<line number="2103" hits="0"/>
						<line number="2106" hits="1"/>
						<line number="2109" hits="1"/>
						<line number="2112" hits="1"/>
						<line number="2114" hits="1"/>
						<line number="2115" hits="1"/>
						<line number="2118" hits="1"/>
						<line number="2120" hits="1"/>
						<line number="2123" hits="1"/>
						<line number="2125" hits="1"/>
						<line number="2128" hits="1"/>
						<line number="2131" hits="1"/>
						<line number="2133" hits="1" branch="true" condition-coverage="100% (2/2)"/>
						<line number="2134" hits="1"/>
						<line number="2135" hits="1"/>
						<line number="2136" hits="1" branch="true" condition-coverage="100% (2/2)"/>
						<line number="2137" hits="1" branch="true" condition-coverage="100% (2/2)"/>
						<line number="2138" hits="1" branch="true" condition-coverage="50% (1/2)" missing-branches="2144"/>
						<line number="2139" hits="1"/>
						<line number="2140" hits="0"/>
						<line number="2142" hits="0"/>
						<line number="2144" hits="1" branch="true" condition-coverage="100% (2/2)"/>
						<line number="2145" hits="1"/>
						<line number="2148" hits="1"/>
						<line number="2150" hits="1"/>
						<line number="2151" hits="1" branch="true" condition-coverage="100% (2/2)"/>
						<line number="2154" hits="1"/>
						<line number="2157" hits="0"/>
						<line number="2158" hits="0" branch="true" condition-coverage="0% (0/2)" missing-branches="2159,2162"/>
						<line number="2159" hits="0"/>
						<line number="2160" hits="0"/>
						<line number="2162" hits="0"/>
						<line number="2163" hits="0" branch="true" condition-coverage="0% (0/2)" missing-branches="2164,2166"/>
						<line number="2164" hits="0"/>
						<line number="2165" hits="0"/>
						<line number="2166" hits="0"/>
						<line number="2169" hits="1"/>
						<line number="2170" hits="1"/>
						<line number="2171" hits="0"/>
						<line number="2174" hits="1"/>
						<line number="2175" hits="1"/>
						<line number="2177" hits="0" branch="true" condition-coverage="0% (0/2)" missing-branches="2178,2181"/>
						<line number="2178" hits="0"/>
						<line number="2179" hits="0"/>
						<line number="2181" hits="0"/>
						<line number="2182" hits="0"/>
						<line number="2183" hits="0" branch="true" condition-coverage="0% (0/2)" missing-branches="2184,2187"/>
						<line number="2184" hits="0"/>
						<line number="2185" hits="0"/>
						<line number="2187" hits="0"/>
						<line number="2188" hits="0" branch="true" condition-coverage="0% (0/2)" missing-branches="2189,2191"/>
						<line number="2189" hits="0"/>
						<line number="2191" hits="0"/>
						<line number="2192" hits="0" branch="true" condition-coverage="0% (0/2)" missing-branches="2194,2199"/>
						<line number="2194" hits="0" branch="true" condition-coverage="0% (0/2)" missing-branches="2195,2196"/>
						<line number="2195" hits="0"/>
						<line number="2196" hits="0"/>
						<line number="2199" hits="0"/>
						<line number="2202" hits="1"/>
						<line number="2203" hits="1"/>
						<line number="2205" hits="0"/>
						<line number="2208" hits="1"/>
						<line number="2209" hits="0"/>
						<line number="2212" hits="1"/>
						<line number="2213" hits="1"/>
						<line number="2214" hits="0"/>
						<line number="2217" hits="1"/>
						<line number="2218" hits="1"/>
						<line number="2219" hits="0"/>
						<line number="2222" hits="1"/>
						<line number="2224" hits="1"/>
						<line number="2225" hits="1" branch="true" condition-coverage="100% (2/2)"/>
						<line number="2226" hits="1"/>
						<line number="2227" hits="1"/>
						<line number="2230" hits="1"/>
						<line number="2231" hits="1"/>
						<line number="2232" hits="1"/>
						<line number="2233" hits="1"/>
						<line number="2236" hits="1"/>
						<line number="2237" hits="1"/>
						<line number="2238" hits="1"/>
						<line number="2239" hits="1"/>
						<line number="2245" hits="1"/>
						<line number="2246" hits="1"/>
						<line number="2247" hits="0"/>
						<line number="2249" hits="1"/>
						<line number="2251" hits="1"/>
						<line number="2253" hits="1"/>
						<line number="2255" hits="1"/>
						<line number="2256" hits="1" branch="true" condition-coverage="100% (2/2)"/>
						<line number="2257" hits="1" branch="true" condition-coverage="50% (1/2)" missing-branches="2256"/>
						<line number="2258" hits="1"/>
						<line number="2259" hits="1"/>
						<line number="2262" hits="1"/>
						<line number="2266" hits="1"/>
						<line number="2267" hits="1"/>
						<line number="2268" hits="1"/>
						<line number="2269" hits="1"/>
						<line number="2270" hits="1"/>
						<line number="2271" hits="1"/>
						<line number="2272" hits="1"/>
						<line number="2273" hits="1"/>
						<line number="2274" hits="1"/>
						<line number="2275" hits="1"/>
						<line number="2276" hits="1"/>
						<line number="2279" hits="1"/>
						<line number="2280" hits="1"/>
						<line number="2281" hits="1"/>
						<line number="2282" hits="1"/>
						<line number="2284" hits="1"/>
						<line number="2285" hits="1"/>
						<line number="2286" hits="1"/>
						<line number="2289" hits="1" branch="true" condition-coverage="66% (2/3)" missing-branches="2290"/>
						<line number="2290" hits="0"/>
						<line number="2292" hits="1"/>
						<line number="2293" hits="0"/>
						<line number="2295" hits="1"/>
						<line number="2296" hits="1"/>
						<line number="2300" hits="1"/>
						<line number="2302" hits="1"/>
						<line number="2303" hits="0"/>
						<line number="2305" hits="1"/>
						<line number="2306" hits="0"/>
						<line number="2308" hits="1"/>
						<line number="2309" hits="0"/>
						<line number="2311" hits="1"/>
						<line number="2312" hits="0"/>
						<line number="2314" hits="1"/>
						<line number="2315" hits="0"/>
						<line number="2317" hits="1"/>
						<line number="2318" hits="0"/>
						<line number="2320" hits="1"/>
						<line number="2321" hits="1"/>
						<line number="2323" hits="1"/>
						<line number="2324" hits="1"/>
						<line number="2325" hits="0"/>
						<line number="2327" hits="1"/>
						<line number="2328" hits="1"/>
						<line number="2329" hits="1"/>
						<line number="2331" hits="1"/>
						<line number="2333" hits="1"/>
						<line number="2334" hits="1"/>
						<line number="2335" hits="1"/>
						<line number="2337" hits="1"/>
						<line number="2338" hits="1"/>
						<line number="2340" hits="1"/>
						<line number="2341" hits="1"/>
						<line number="2342" hits="1"/>
						<line number="2343" hits="1"/>
						<line number="2346" hits="1"/>
						<line number="2347" hits="1"/>
						<line number="2348" hits="1"/>
						<line number="2350" hits="1"/>
						<line number="2351" hits="1" branch="true" condition-coverage="100% (2/2)"/>
						<line number="2352" hits="1"/>
						<line number="2353" hits="1"/>
						<line number="2355" hits="1"/>
						<line number="2356" hits="1"/>
						<line number="2357" hits="0"/>
						<line number="2359" hits="1"/>
						<line number="2360" hits="1"/>
						<line number="2361" hits="1"/>
						<line number="2363" hits="1"/>
						<line number="2364" hits="1"/>
						<line number="2365" hits="1"/>
						<line number="2367" hits="1"/>
						<line number="2368" hits="1"/>
						<line number="2369" hits="0"/>
						<line number="2371" hits="1"/>
						<line number="2372" hits="1"/>
						<line number="2373" hits="1" branch="true" condition-coverage="50% (1/2)" missing-branches="2374"/>
						<line number="2374" hits="0"/>
						<line number="2375" hits="0" branch="true" condition-coverage="0% (0/2)" missing-branches="2376,2378"/>
						<line number="2376" hits="0"/>
						<line number="2378" hits="0"/>
						<line number="2379" hits="1"/>
						<line number="2381" hits="1"/>
						<line number="2382" hits="1"/>
						<line number="2383" hits="1" branch="true" condition-coverage="100% (2/2)"/>
						<line number="2384" hits="1"/>
						<line number="2385" hits="1" branch="true" condition-coverage="50% (1/2)" missing-branches="2387"/>
						<line number="2386" hits="1"/>
						<line number="2387" hits="0" branch="true" condition-coverage="0% (0/2)" missing-branches="2388,2390"/>
						<line number="2388" hits="0"/>
						<line number="2390" hits="0"/>
						<line number="2391" hits="1"/>
						<line number="2393" hits="1"/>
						<line number="2395" hits="1"/>
						<line number="2396" hits="1"/>
						<line number="2397" hits="1"/>
						<line number="2398" hits="1"/>
						<line number="2401" hits="1"/>
						<line number="2402" hits="1"/>
						<line number="2403" hits="1"/>
						<line number="2404" hits="1"/>
						<line number="2405" hits="1"/>
						<line number="2406" hits="1"/>
						<line number="2407" hits="1"/>
						<line number="2408" hits="1"/>
						<line number="2409" hits="1"/>
						<line number="2410" hits="1"/>
						<line number="2411" hits="1"/>
						<line number="2412" hits="1"/>
						<line number="2413" hits="1"/>
						<line number="2416" hits="1"/>
						<line number="2417" hits="1"/>
						<line number="2418" hits="1"/>
						<line number="2419" hits="1"/>
						<line number="2420" hits="1"/>
						<line number="2425" hits="1"/>
						<line number="2426" hits="1"/>
						<line number="2427" hits="1"/>
						<line number="2428" hits="1"/>
						<line number="2429" hits="1"/>
						<line number="2431" hits="1"/>
						<line number="2432" hits="1"/>
						<line number="2434" hits="1"/>
						<line number="2435" hits="1"/>
						<line number="2436" hits="0"/>
						<line number="2438" hits="1"/>
						<line number="2439" hits="0"/>
						<line number="2441" hits="1"/>
						<line number="2442" hits="0"/>
						<line number="2443" hits="0" branch="true" condition-coverage="0% (0/2)" missing-branches="2444,2445"/>
						<line number="2444" hits="0"/>
						<line number="2445" hits="0" branch="true" condition-coverage="0% (0/2)" missing-branches="2447,2448"/>
						<line number="2447" hits="0"/>
						<line number="2448" hits="0" branch="true" condition-coverage="0% (0/2)" missing-branches="2449,2450"/>
						<line number="2449" hits="0"/>
						<line number="2450" hits="0"/>
						<line number="2452" hits="1"/>
						<line number="2453" hits="1"/>
						<line number="2454" hits="0"/>
						<line number="2456" hits="1"/>
						<line number="2457" hits="1"/>
						<line number="2458" hits="0" branch="true" condition-coverage="0% (0/2)" missing-branches="2459,2460"/>
						<line number="2459" hits="0"/>
						<line number="2460" hits="0" branch="true" condition-coverage="0% (0/2)" missing-branches="2461,2463"/>
						<line number="2461" hits="0"/>
						<line number="2462" hits="0"/>
						<line number="2463" hits="0"/>
						<line number="2465" hits="1"/>
						<line number="2466" hits="0"/>
						<line number="2468" hits="1"/>
						<line number="2469" hits="0"/>
						<line number="2471" hits="0" branch="true" condition-coverage="0% (0/2)" missing-branches="2472,2474"/>
						<line number="2472" hits="0" branch="true" condition-coverage="0% (0/2)" missing-branches="2473,2479"/>
						<line number="2473" hits="0"/>
						<line number="2474" hits="0" branch="true" condition-coverage="0% (0/2)" missing-branches="2475,2478"/>
						<line number="2475" hits="0" branch="true" condition-coverage="0% (0/2)" missing-branches="2476,2479"/>
						<line number="2476" hits="0"/>
						<line number="2478" hits="0"/>
						<line number="2479" hits="0"/>
						<line number="2481" hits="0"/>
						<line number="2482" hits="0"/>
						<line number="2484" hits="0" branch="true" condition-coverage="0% (0/2)" missing-branches="2486,2489"/>
						<line number="2486" hits="0"/>
						<line number="2487" hits="0"/>
						<line number="2488" hits="0"/>
						<line number="2489" hits="0" branch="true" condition-coverage="0% (0/2)" missing-branches="2491,2494"/>
						<line number="2491" hits="0"/>
						<line number="2492" hits="0"/>
						<line number="2494" hits="0"/>
						<line number="2498" hits="0" branch="true" condition-coverage="0% (0/2)" missing-branches="2499,2502"/>
						<line number="2499" hits="0"/>
						<line number="2500" hits="0"/>
						<line number="2502" hits="0"/>
						<line number="2504" hits="0" branch="true" condition-coverage="0% (0/2)" missing-branches="2505,2507"/>
						<line number="2505" hits="0" branch="true" condition-coverage="0% (0/2)" missing-branches="2506,2522"/>
						<line number="2506" hits="0"/>
						<line number="2507" hits="0" branch="true" condition-coverage="0% (0/2)" missing-branches="2508,2510"/>
						<line number="2508" hits="0" branch="true" condition-coverage="0% (0/2)" missing-branches="2509,2522"/>
						<line number="2509" hits="0"/>
						<line number="2510" hits="0" branch="true" condition-coverage="0% (0/2)" missing-branches="2511,2513"/>
						<line number="2511" hits="0" branch="true" condition-coverage="0% (0/2)" missing-branches="2512,2522"/>
						<line number="2512" hits="0"/>
						<line number="2513" hits="0" branch="true" condition-coverage="0% (0/2)" missing-branches="2514,2516"/>
						<line number="2514" hits="0" branch="true" condition-coverage="0% (0/2)" missing-branches="2515,2522"/>
						<line number="2515" hits="0"/>
						<line number="2516" hits="0" branch="true" condition-coverage="0% (0/2)" missing-branches="2517,2520"/>
						<line number="2517" hits="0" branch="true" condition-coverage="0% (0/2)" missing-branches="2518,2522"/>
						<line number="2518" hits="0"/>
						<line number="2520" hits="0"/>
						<line number="2522" hits="0"/>
						<line number="2524" hits="1"/>
						<line number="2525" hits="0"/>
						<line number="2526" hits="0" branch="true" condition-coverage="0% (0/2)" missing-branches="2527,2528"/>
						<line number="2527" hits="0"/>
						<line number="2528" hits="0" branch="true" condition-coverage="0% (0/2)" missing-branches="2529,2530"/>
						<line number="2529" hits="0"/>
						<line number="2530" hits="0"/>
						<line number="2533" hits="1"/>
						<line number="2534" hits="1"/>
						<line number="2535" hits="1"/>
						<line number="2536" hits="1"/>
						<line number="2540" hits="1"/>
						<line number="2541" hits="1"/>
						<line number="2542" hits="1"/>
						<line number="2543" hits="1"/>
						<line number="2552" hits="1"/>
						<line number="2553" hits="1"/>
						<line number="2554" hits="1"/>
						<line number="2555" hits="1"/>
						<line number="2557" hits="1"/>
						<line number="2559" hits="0"/>
						<line number="2561" hits="1"/>
						<line number="2562" hits="1"/>
						<line number="2563" hits="0"/>
						<line number="2564" hits="0" branch="true" condition-coverage="0% (0/2)" missing-branches="2565,2566"/>
						<line number="2565" hits="0"/>
						<line number="2566" hits="0"/>
						<line number="2568" hits="1"/>
						<line number="2569" hits="1"/>
						<line number="2570" hits="0" branch="true" condition-coverage="0% (0/2)" missing-branches="2571,2572"/>
						<line number="2571" hits="0"/>
						<line number="2572" hits="0"/>
						<line number="2574" hits="1"/>
						<line number="2575" hits="1"/>
						<line number="2576" hits="0"/>
						<line number="2578" hits="1"/>
						<line number="2579" hits="1"/>
						<line number="2581" hits="0"/>
						<line number="2583" hits="1"/>
						<line number="2584" hits="1"/>
						<line number="2585" hits="0"/>
						<line number="2587" hits="1"/>
						<line number="2588" hits="0"/>
						<line number="2589" hits="0"/>
						<line number="2590" hits="0"/>
						<line number="2592" hits="1"/>
						<line number="2593" hits="0"/>
						<line number="2594" hits="0"/>
						<line number="2595" hits="0"/>
						<line number="2596" hits="0" branch="true" condition-coverage="0% (0/2)" missing-branches="2597,2598"/>
						<line number="2597" hits="0"/>
						<line number="2598" hits="0" branch="true" condition-coverage="0% (0/2)" missing-branches="2599,2600"/>
						<line number="2599" hits="0"/>
						<line number="2600" hits="0" branch="true" condition-coverage="0% (0/2)" missing-branches="2601,2602"/>
						<line number="2601" hits="0"/>
						<line number="2602" hits="0"/>
						<line number="2604" hits="1"/>
						<line number="2606" hits="0" branch="true" condition-coverage="0% (0/2)" missing-branches="2607,2609"/>
						<line number="2607" hits="0"/>
						<line number="2608" hits="0"/>
						<line number="2609" hits="0"/>
						<line number="2611" hits="1"/>
						<line number="2612" hits="0"/>
						<line number="2613" hits="0"/>
						<line number="2615" hits="1"/>
						<line number="2616" hits="0"/>
						<line number="2618" hits="0" branch="true" condition-coverage="0% (0/2)" missing-branches="exit,2619"/>
						<line number="2619" hits="0"/>
						<line number="2620" hits="0"/>
						<line number="2622" hits="0" branch="true" condition-coverage="0% (0/2)" missing-branches="2623,2646"/>
						<line number="2623" hits="0" branch="true" condition-coverage="0% (0/2)" missing-branches="2624,2646"/>
						<line number="2624" hits="0" branch="true" condition-coverage="0% (0/2)" missing-branches="2625,2626"/>
						<line number="2625" hits="0"/>
						<line number="2626" hits="0" branch="true" condition-coverage="0% (0/2)" missing-branches="2627,2629"/>
						<line number="2627" hits="0"/>
						<line number="2629" hits="0" branch="true" condition-coverage="0% (0/2)" missing-branches="2630,2632"/>
						<line number="2630" hits="0"/>
						<line number="2632" hits="0" branch="true" condition-coverage="0% (0/2)" missing-branches="2633,2634"/>
						<line number="2633" hits="0"/>
						<line number="2634" hits="0" branch="true" condition-coverage="0% (0/2)" missing-branches="2635,2646"/>
						<line number="2635" hits="0" branch="true" condition-coverage="0% (0/2)" missing-branches="2636,2646"/>
						<line number="2636" hits="0" branch="true" condition-coverage="0% (0/2)" missing-branches="2637,2638"/>
						<line number="2637" hits="0"/>
						<line number="2638" hits="0" branch="true" condition-coverage="0% (0/2)" missing-branches="2639,2640"/>
						<line number="2639" hits="0"/>
						<line number="2640" hits="0" branch="true" condition-coverage="0% (0/2)" missing-branches="2641,2642"/>
						<line number="2641" hits="0"/>
						<line number="2642" hits="0" branch="true" condition-coverage="0% (0/2)" missing-branches="2643,2644"/>
						<line number="2643" hits="0"/>
						<line number="2644" hits="0" branch="true" condition-coverage="0% (0/2)" missing-branches="2645,2646"/>
						<line number="2645" hits="0"/>
						<line number="2646" hits="0"/>
						<line number="2648" hits="1"/>
						<line number="2649" hits="0"/>
						<line number="2650" hits="0" branch="true" condition-coverage="0% (0/2)" missing-branches="2652,2659"/>
						<line number="2652" hits="0" branch="true" condition-coverage="0% (0/2)" missing-branches="2653,2655"/>
						<line number="2653" hits="0"/>
						<line number="2654" hits="0"/>
						<line number="2655" hits="0" branch="true" condition-coverage="0% (0/2)" missing-branches="2656,2658"/>
						<line number="2656" hits="0"/>
						<line number="2658" hits="0"/>
						<line number="2659" hits="0" branch="true" condition-coverage="0% (0/2)" missing-branches="2660,2661"/>
						<line number="2660" hits="0"/>
						<line number="2661" hits="0"/>
						<line number="2663" hits="1"/>
						<line number="2664" hits="1"/>
						<line number="2665" hits="0"/>
						<line number="2666" hits="0"/>
						<line number="2678" hits="0"/>
						<line number="2681" hits="1"/>
						<line number="2682" hits="1"/>
						<line number="2683" hits="1"/>
						<line number="2684" hits="1"/>
						<line number="2686" hits="1"/>
						<line number="2692" hits="1"/>
[...]
						<line number="10829" hits="1" branch="true" condition-coverage="100% (2/2)"/>
						<line number="10831" hits="1"/>
						<line number="10832" hits="1" branch="true" condition-coverage="50% (1/2)" missing-branches="exit"/>
						<line number="10833" hits="1"/>
						<line number="10836" hits="1" branch="true" condition-coverage="50% (1/2)" missing-branches="exit"/>
						<line number="10837" hits="1" branch="true" condition-coverage="50% (1/2)" missing-branches="exit"/>
						<line number="10838" hits="1" branch="true" condition-coverage="50% (1/2)" missing-branches="exit"/>
						<line number="10839" hits="1"/>
						<line number="10840" hits="1"/>
						<line number="10841" hits="1"/>
						<line number="10842" hits="1"/>
						<line number="10843" hits="1"/>
						<line number="10845" hits="1"/>
						<line number="10846" hits="0"/>
						<line number="10848" hits="1"/>
						<line number="10849" hits="1"/>
						<line number="10851" hits="1"/>
						<line number="10852" hits="1" branch="true" condition-coverage="50% (1/2)" missing-branches="10853"/>
						<line number="10853" hits="0"/>
						<line number="10854" hits="1"/>
						<line number="10856" hits="1"/>
						<line number="10857" hits="1" branch="true" condition-coverage="100% (2/2)"/>
						<line number="10858" hits="1"/>
						<line number="10859" hits="1"/>
						<line number="10862" hits="1"/>
						<line number="10864" hits="1"/>
						<line number="10865" hits="1"/>
						<line number="10866" hits="1"/>
						<line number="10867" hits="1"/>
						<line number="10868" hits="1"/>
						<line number="10869" hits="1"/>
						<line number="10870" hits="1"/>
						<line number="10871" hits="1"/>
						<line number="10872" hits="1"/>
						<line number="10873" hits="1"/>
						<line number="10874" hits="1"/>
						<line number="10875" hits="1"/>
						<line number="10876" hits="1"/>
						<line number="10877" hits="1"/>
						<line number="10878" hits="1" branch="true" condition-coverage="100% (2/2)"/>
						<line number="10879" hits="1"/>
						<line number="10880" hits="1"/>
						<line number="10882" hits="1"/>
						<line number="10883" hits="1"/>
						<line number="10884" hits="1"/>
						<line number="10885" hits="1"/>
						<line number="10886" hits="1"/>
						<line number="10887" hits="1"/>
						<line number="10888" hits="1"/>
						<line number="10889" hits="1"/>
						<line number="10890" hits="1"/>
						<line number="10891" hits="1"/>
						<line number="10893" hits="1"/>
						<line number="10894" hits="0"/>
						<line number="10896" hits="1"/>
						<line number="10897" hits="1"/>
						<line number="10898" hits="1" branch="true" condition-coverage="100% (2/2)"/>
						<line number="10899" hits="1"/>
						<line number="10900" hits="1" branch="true" condition-coverage="50% (1/2)" missing-branches="10901"/>
						<line number="10901" hits="0"/>
						<line number="10902" hits="1" branch="true" condition-coverage="100% (2/2)"/>
						<line number="10903" hits="1"/>
						<line number="10904" hits="1"/>
						<line number="10905" hits="1" branch="true" condition-coverage="50% (1/2)" missing-branches="10906"/>
						<line number="10906" hits="0"/>
						<line number="10907" hits="0"/>
						<line number="10908" hits="1" branch="true" condition-coverage="100% (2/2)"/>
						<line number="10909" hits="1"/>
						<line number="10910" hits="1"/>
						<line number="10911" hits="1" branch="true" condition-coverage="50% (1/2)" missing-branches="10912"/>
						<line number="10912" hits="0"/>
						<line number="10913" hits="1"/>
						<line number="10914" hits="1"/>
						<line number="10915" hits="1"/>
						<line number="10916" hits="1"/>
						<line number="10917" hits="1"/>
						<line number="10919" hits="1"/>
						<line number="10920" hits="1"/>
						<line number="10922" hits="1" branch="true" condition-coverage="100% (2/2)"/>
						<line number="10923" hits="1"/>
						<line number="10924" hits="1"/>
						<line number="10926" hits="1"/>
						<line number="10927" hits="1"/>
						<line number="10929" hits="1" branch="true" condition-coverage="100% (2/2)"/>
						<line number="10930" hits="1"/>
						<line number="10931" hits="1" branch="true" condition-coverage="100% (2/2)"/>
						<line number="10932" hits="1"/>
						<line number="10933" hits="1"/>
						<line number="10934" hits="1"/>
						<line number="10936" hits="1"/>
						<line number="10937" hits="1"/>
						<line number="10939" hits="1" branch="true" condition-coverage="100% (2/2)"/>
						<line number="10940" hits="1"/>
						<line number="10941" hits="1"/>
						<line number="10942" hits="1" branch="true" condition-coverage="100% (2/2)"/>
						<line number="10943" hits="1"/>
						<line number="10944" hits="1"/>
						<line number="10946" hits="1"/>
						<line number="10947" hits="1"/>
						<line number="10948" hits="1" branch="true" condition-coverage="100% (2/2)"/>
						<line number="10949" hits="1"/>
						<line number="10950" hits="1"/>
						<line number="10952" hits="1"/>
						<line number="10953" hits="1"/>
						<line number="10955" hits="1"/>
						<line number="10956" hits="1" branch="true" condition-coverage="100% (2/2)"/>
						<line number="10957" hits="1"/>
						<line number="10958" hits="1"/>
						<line number="10959" hits="1"/>
						<line number="10961" hits="1"/>
						<line number="10962" hits="1"/>
						<line number="10966" hits="1"/>
						<line number="10967" hits="1"/>
						<line number="10968" hits="1"/>
						<line number="10969" hits="1"/>
						<line number="10972" hits="1"/>
						<line number="10973" hits="1"/>
						<line number="10975" hits="1"/>
						<line number="10976" hits="1"/>
						<line number="10979" hits="1"/>
						<line number="10980" hits="1" branch="true" condition-coverage="100% (2/2)"/>
						<line number="10981" hits="1"/>
						<line number="10982" hits="1"/>
						<line number="10983" hits="1"/>
						<line number="10984" hits="1"/>
						<line number="10985" hits="1"/>
						<line number="10988" hits="1"/>
						<line number="10989" hits="1"/>
						<line number="10991" hits="1" branch="true" condition-coverage="100% (2/2)"/>
						<line number="10992" hits="1"/>
						<line number="10993" hits="1" branch="true" condition-coverage="100% (2/2)"/>
						<line number="10994" hits="1" branch="true" condition-coverage="100% (2/2)"/>
						<line number="10995" hits="1"/>
						<line number="10997" hits="1"/>
						<line number="10998" hits="1"/>
						<line number="11000" hits="1"/>
						<line number="11001" hits="1"/>
						<line number="11003" hits="1" branch="true" condition-coverage="100% (2/2)"/>
						<line number="11004" hits="1"/>
						<line number="11005" hits="1" branch="true" condition-coverage="100% (2/2)"/>
						<line number="11006" hits="1"/>
						<line number="11007" hits="1"/>
						<line number="11009" hits="1"/>
						<line number="11012" hits="1"/>
						<line number="11013" hits="1"/>
						<line number="11014" hits="1"/>
						<line number="11015" hits="1"/>
						<line number="11016" hits="1"/>
						<line number="11017" hits="1"/>
						<line number="11018" hits="1"/>
						<line number="11020" hits="1"/>
						<line number="11021" hits="1"/>
						<line number="11022" hits="1"/>
						<line number="11023" hits="1"/>
						<line number="11024" hits="1"/>
						<line number="11025" hits="0"/>
						<line number="11026" hits="0"/>
						<line number="11027" hits="1"/>
						<line number="11029" hits="1"/>
						<line number="11030" hits="1"/>
						<line number="11032" hits="1"/>
						<line number="11033" hits="1"/>
						<line number="11035" hits="1"/>
						<line number="11036" hits="1"/>
						<line number="11037" hits="1"/>
						<line number="11039" hits="1"/>
						<line number="11040" hits="1"/>
						<line number="11041" hits="1"/>
						<line number="11043" hits="1"/>
						<line number="11044" hits="1"/>
						<line number="11046" hits="1" branch="true" condition-coverage="100% (2/2)"/>
						<line number="11047" hits="1"/>
						<line number="11048" hits="1" branch="true" condition-coverage="50% (1/2)" missing-branches="11049"/>
						<line number="11049" hits="0"/>
						<line number="11050" hits="1"/>
						<line number="11051" hits="1"/>
						<line number="11052" hits="1"/>
						<line number="11054" hits="1"/>
						<line number="11055" hits="1"/>
						<line number="11057" hits="1"/>
						<line number="11059" hits="1"/>
						<line number="11060" hits="1"/>
						<line number="11061" hits="1" branch="true" condition-coverage="100% (2/2)"/>
						<line number="11062" hits="1"/>
						<line number="11063" hits="1"/>
						<line number="11065" hits="1"/>
						<line number="11068" hits="1" branch="true" condition-coverage="100% (2/2)"/>
						<line number="11069" hits="1"/>
						<line number="11070" hits="1"/>
						<line number="11071" hits="1" branch="true" condition-coverage="50% (1/2)" missing-branches="11072"/>
						<line number="11072" hits="0"/>
						<line number="11073" hits="1"/>
						<line number="11074" hits="1"/>
						<line number="11075" hits="1"/>
						<line number="11076" hits="1"/>
						<line number="11078" hits="1"/>
						<line number="11081" hits="1"/>
						<line number="11082" hits="1"/>
						<line number="11083" hits="1"/>
						<line number="11086" hits="1"/>
						<line number="11087" hits="1"/>
						<line number="11088" hits="1"/>
						<line number="11089" hits="1" branch="true" condition-coverage="100% (2/2)"/>
						<line number="11090" hits="1"/>
						<line number="11091" hits="1"/>
						<line number="11092" hits="1"/>
						<line number="11093" hits="1" branch="true" condition-coverage="50% (1/2)" missing-branches="11094"/>
						<line number="11094" hits="0"/>
						<line number="11095" hits="1"/>
						<line number="11096" hits="0"/>
						<line number="11097" hits="0"/>
						<line number="11100" hits="0"/>
						<line number="11102" hits="1"/>
						<line number="11104" hits="1" branch="true" condition-coverage="100% (2/2)"/>
						<line number="11105" hits="1"/>
						<line number="11106" hits="1"/>
						<line number="11108" hits="1"/>
						<line number="11109" hits="1"/>
						<line number="11112" hits="1"/>
						<line number="11113" hits="1"/>
						<line number="11114" hits="1"/>
						<line number="11115" hits="1"/>
						<line number="11117" hits="1"/>
						<line number="11119" hits="1"/>
						<line number="11120" hits="1"/>
						<line number="11121" hits="1"/>
						<line number="11122" hits="1"/>
						<line number="11123" hits="1"/>
						<line number="11124" hits="1"/>
						<line number="11127" hits="1"/>
						<line number="11128" hits="1"/>
						<line number="11131" hits="1"/>
						<line number="11132" hits="1" branch="true" condition-coverage="50% (1/2)" missing-branches="11137"/>
						<line number="11133" hits="1" branch="true" condition-coverage="100% (2/2)"/>
						<line number="11134" hits="1"/>
						<line number="11137" hits="1"/>
						<line number="11138" hits="1" branch="true" condition-coverage="50% (1/2)" missing-branches="11143"/>
						<line number="11139" hits="1" branch="true" condition-coverage="100% (2/2)"/>
						<line number="11140" hits="1"/>
						<line number="11143" hits="1"/>
						<line number="11144" hits="1" branch="true" condition-coverage="50% (1/2)" missing-branches="11149"/>
						<line number="11145" hits="1" branch="true" condition-coverage="100% (2/2)"/>
						<line number="11146" hits="1"/>
						<line number="11147" hits="1"/>
						<line number="11148" hits="1"/>
						<line number="11149" hits="1"/>
						<line number="11151" hits="1"/>
						<line number="11153" hits="1"/>
						<line number="11154" hits="1" branch="true" condition-coverage="50% (1/2)" missing-branches="11155"/>
						<line number="11155" hits="0"/>
						<line number="11156" hits="0"/>
						<line number="11159" hits="1" branch="true" condition-coverage="100% (2/2)"/>
						<line number="11160" hits="1"/>
						<line number="11161" hits="1" branch="true" condition-coverage="50% (1/2)" missing-branches="11162"/>
						<line number="11162" hits="0"/>
						<line number="11163" hits="0"/>
						<line number="11166" hits="1"/>
						<line number="11167" hits="1" branch="true" condition-coverage="50% (1/2)" missing-branches="11168"/>
						<line number="11168" hits="0" branch="true" condition-coverage="0% (0/2)" missing-branches="11169,11172"/>
						<line number="11169" hits="0"/>
						<line number="11170" hits="0"/>
						<line number="11171" hits="0"/>
						<line number="11172" hits="1"/>
						<line number="11174" hits="1"/>
						<line number="11175" hits="1"/>
						<line number="11176" hits="1" branch="true" condition-coverage="50% (1/2)" missing-branches="11177"/>
						<line number="11177" hits="0"/>
						<line number="11178" hits="1" branch="true" condition-coverage="100% (2/2)"/>
						<line number="11179" hits="1"/>
						<line number="11180" hits="1"/>
						<line number="11181" hits="1" branch="true" condition-coverage="100% (2/2)"/>
						<line number="11182" hits="1"/>
						<line number="11183" hits="1" branch="true" condition-coverage="50% (1/2)" missing-branches="11184"/>
						<line number="11184" hits="0"/>
						<line number="11185" hits="1"/>
						<line number="11188" hits="1"/>
						<line number="11190" hits="1"/>
						<line number="11191" hits="1"/>
						<line number="11192" hits="1"/>
						<line number="11193" hits="1"/>
						<line number="11194" hits="1"/>
						<line number="11195" hits="1"/>
						<line number="11196" hits="1"/>
						<line number="11197" hits="1"/>
						<line number="11200" hits="1"/>
						<line number="11202" hits="1"/>
						<line number="11203" hits="1"/>
						<line number="11204" hits="1"/>
						<line number="11206" hits="1"/>
						<line number="11207" hits="0"/>
						<line number="11209" hits="1"/>
						<line number="11210" hits="1"/>
						<line number="11211" hits="1" branch="true" condition-coverage="50% (1/2)" missing-branches="11212"/>
						<line number="11212" hits="0"/>
						<line number="11214" hits="1" branch="true" condition-coverage="100% (2/2)"/>
						<line number="11215" hits="1"/>
						<line number="11218" hits="1" branch="true" condition-coverage="50% (1/2)" missing-branches="11219"/>
						<line number="11219" hits="0" branch="true" condition-coverage="0% (0/2)" missing-branches="exit,exit"/>
						<line number="11221" hits="1"/>
						<line number="11223" hits="1"/>
						<line number="11224" hits="1"/>
						<line number="11225" hits="1"/>
						<line number="11226" hits="1"/>
						<line number="11227" hits="1" branch="true" condition-coverage="50% (1/2)" missing-branches="11240"/>
						<line number="11228" hits="1"/>
						<line number="11229" hits="1" branch="true" condition-coverage="50% (1/2)" missing-branches="11230"/>
						<line number="11230" hits="0" branch="true" condition-coverage="0% (0/2)" missing-branches="exit,exit"/>
						<line number="11231" hits="1" branch="true" condition-coverage="100% (2/2)"/>
						<line number="11232" hits="1"/>
						<line number="11233" hits="1" branch="true" condition-coverage="100% (2/2)"/>
						<line number="11234" hits="1"/>
						<line number="11235" hits="0"/>
						<line number="11236" hits="0"/>
						<line number="11237" hits="1"/>
						<line number="11238" hits="1" branch="true" condition-coverage="50% (1/2)" missing-branches="11227"/>
						<line number="11239" hits="1" branch="true" condition-coverage="100% (2/2)"/>
						<line number="11240" hits="0"/>
						<line number="11245" hits="1"/>
						<line number="11248" hits="1"/>
						<line number="11249" hits="1"/>
						<line number="11250" hits="1"/>
						<line number="11251" hits="1"/>
						<line number="11252" hits="1"/>
						<line number="11253" hits="1"/>
						<line number="11254" hits="1"/>
						<line number="11255" hits="1"/>
						<line number="11256" hits="1"/>
						<line number="11258" hits="1"/>
						<line number="11259" hits="1"/>
						<line number="11260" hits="1"/>
						<line number="11261" hits="1"/>
						<line number="11262" hits="1"/>
						<line number="11263" hits="1"/>
						<line number="11264" hits="1"/>
						<line number="11266" hits="1"/>
						<line number="11267" hits="0"/>
						<line number="11269" hits="1"/>
						<line number="11271" hits="1"/>
						<line number="11272" hits="1"/>
						<line number="11273" hits="1"/>
						<line number="11274" hits="1"/>
						<line number="11276" hits="1"/>
						<line number="11278" hits="1"/>
						<line number="11279" hits="1"/>
						<line number="11280" hits="1"/>
						<line number="11281" hits="1"/>
						<line number="11282" hits="1"/>
						<line number="11283" hits="1"/>
						<line number="11284" hits="1"/>
						<line number="11286" hits="1"/>
						<line number="11289" hits="1" branch="true" condition-coverage="100% (2/2)"/>
						<line number="11290" hits="1"/>
						<line number="11291" hits="1"/>
						<line number="11294" hits="1"/>
						<line number="11295" hits="1" branch="true" condition-coverage="100% (2/2)"/>
						<line number="11296" hits="1"/>
						<line number="11298" hits="1"/>
						<line number="11299" hits="1" branch="true" condition-coverage="50% (1/2)" missing-branches="11300"/>
						<line number="11300" hits="0"/>
						<line number="11302" hits="1" branch="true" condition-coverage="50% (1/2)" missing-branches="exit"/>
						<line number="11303" hits="1" branch="true" condition-coverage="50% (1/2)" missing-branches="11304"/>
						<line number="11304" hits="0"/>
						<line number="11305" hits="0"/>
						<line number="11306" hits="0"/>
						<line number="11308" hits="1" branch="true" condition-coverage="50% (1/2)" missing-branches="11309"/>
						<line number="11309" hits="0"/>
						<line number="11312" hits="0"/>
						<line number="11314" hits="1"/>
						<line number="11315" hits="1"/>
						<line number="11316" hits="0"/>
						<line number="11317" hits="0"/>
						<line number="11318" hits="0"/>
						<line number="11320" hits="0"/>
						<line number="11321" hits="1"/>
						<line number="11322" hits="1"/>
						<line number="11328" hits="1"/>
						<line number="11329" hits="1"/>
						<line number="11330" hits="1" branch="true" condition-coverage="50% (1/2)" missing-branches="11331"/>
						<line number="11331" hits="0"/>
						<line number="11333" hits="0"/>
						<line number="11336" hits="1"/>
						<line number="11348" hits="1" branch="true" condition-coverage="100% (2/2)"/>
						<line number="11349" hits="1"/>
						<line number="11350" hits="1"/>
						<line number="11351" hits="0"/>
						<line number="11352" hits="0"/>
						<line number="11355" hits="1"/>
						<line number="11356" hits="1"/>
						<line number="11357" hits="1"/>
						<line number="11360" hits="1"/>
						<line number="11363" hits="1"/>
						<line number="11366" hits="1"/>
						<line number="11367" hits="1"/>
						<line number="11368" hits="1"/>
						<line number="11369" hits="1"/>
						<line number="11370" hits="1"/>
						<line number="11371" hits="1"/>
						<line number="11373" hits="1"/>
						<line number="11374" hits="1" branch="true" condition-coverage="50% (1/2)" missing-branches="11378"/>
						<line number="11376" hits="1"/>
						<line number="11378" hits="1"/>
						<line number="11381" hits="1"/>
						<line number="11383" hits="1" branch="true" condition-coverage="50% (1/2)" missing-branches="11400"/>
						<line number="11384" hits="1"/>
						<line number="11388" hits="1"/>
						<line number="11397" hits="1"/>
						<line number="11398" hits="1"/>
						<line number="11400" hits="0"/>
						<line number="11403" hits="0"/>
						<line number="11404" hits="0"/>
						<line number="11405" hits="0"/>
						<line number="11408" hits="1"/>
						<line number="11409" hits="1" branch="true" condition-coverage="50% (1/2)" missing-branches="11410"/>
						<line number="11410" hits="0"/>
					</lines>
				</class>
			</classes>
		</package>
	</packages>
</coverage>
